
[ â€‰â€‰â€…â€…UTCâ€…â€…â€‰â€‰ ] Logs for emailgenerator-eiyvpa5zxbteme8efkr8p4.streamlit.app/
â”€â”€â”€â”€â”€â”€â”€â”€â”€â”€â”€â”€â”€â”€â”€â”€â”€â”€â”€â”€â”€â”€â”€â”€â”€â”€â”€â”€â”€â”€â”€â”€â”€â”€â”€â”€â”€â”€â”€â”€â”€â”€â”€â”€â”€â”€â”€â”€â”€â”€â”€â”€â”€â”€â”€â”€â”€â”€â”€â”€â”€â”€â”€â”€â”€â”€â”€â”€â”€â”€â”€â”€â”€â”€â”€â”€â”€â”€â”€â”€â”€â”€â”€â”€â”€â”€â”€â”€
[15:01:16] ğŸ–¥ Provisioning machine...
[15:01:16] ğŸ› Preparing system...
[15:01:16] â›“ Spinning up manager process...
[06:05:33] ğŸš€ Starting up repository: 'emailgenerator', branch: 'main', main module: 'emailapp.py'
[06:05:33] ğŸ™ Cloning repository...
[06:05:34] ğŸ™ Cloning into '/mount/src/emailgenerator'...
Warning: Permanently added the ED25519 host key for IP address '140.82.113.4' to the list of known hosts.

[06:05:34] ğŸ™ Cloned repository!
[06:05:34] ğŸ™ Pulling code changes from Github...
[06:05:35] ğŸ“¦ Processing dependencies...

â”€â”€â”€â”€â”€â”€â”€â”€â”€â”€â”€â”€â”€â”€â”€â”€â”€â”€â”€â”€â”€â”€â”€â”€â”€â”€â”€â”€â”€â”€â”€â”€â”€â”€â”€â”€â”€â”€â”€â”€ pip â”€â”€â”€â”€â”€â”€â”€â”€â”€â”€â”€â”€â”€â”€â”€â”€â”€â”€â”€â”€â”€â”€â”€â”€â”€â”€â”€â”€â”€â”€â”€â”€â”€â”€â”€â”€â”€â”€â”€â”€â”€â”€â”€

Using standard pip install.
Collecting openai==0.10.1 (from -r /mount/src/emailgenerator/requirements.txt (line 1))
  Downloading openai-0.10.1.tar.gz (155 kB)
     â”â”â”â”â”â”â”â”â”â”â”â”â”â”â”â”â”â”â”â”â”â”â”â”â”â”â”â”â”â”â”â”â”â”â”â”â”â”â” 156.0/156.0 kB 8.4 MB/s eta 0:00:00[2024-04-10 06:05:36.936581] 
  Preparing metadata (setup.py): started
  Preparing metadata (setup.py): finished with status 'done'
Collecting streamlit==0.85.0 (from -r /mount/src/emailgenerator/requirements.txt (line 2))
  Downloading streamlit-0.85.0-py2.py3-none-any.whl.metadata (1.1 kB)
Collecting requests>=2.20 (from openai==0.10.1->-r /mount/src/emailgenerator/requirements.txt (line 1))
  Downloading requests-2.31.0-py3-none-any.whl.metadata (4.6 kB)
Collecting tqdm (from openai==0.10.1->-r /mount/src/emailgenerator/requirements.txt (line 1))
  Downloading tqdm-4.66.2-py3-none-any.whl.metadata (57 kB)
     â”â”â”â”â”â”â”â”â”â”â”â”â”â”â”â”â”â”â”â”â”â”â”â”â”â”â”â”â”â”â”â”â”â”â”â”â”â”â” 57.6/57.6 kB 175.0 MB/s eta 0:00:00[2024-04-10 06:05:37.677978] 
Collecting pandas>=1.2.3 (from openai==0.10.1->-r /mount/src/emailgenerator/requirements.txt (line 1))
  Downloading pandas-2.2.1-cp311-cp311-manylinux_2_17_x86_64.manylinux2014_x86_64.whl.metadata (19 kB)
Collecting pandas-stubs>=1.1.0.11 (from openai==0.10.1->-r /mount/src/emailgenerator/requirements.txt (line 1))
  Downloading pandas_stubs-2.2.1.240316-py3-none-any.whl.metadata (9.5 kB)
Collecting openpyxl>=3.0.7 (from openai==0.10.1->-r /mount/src/emailgenerator/requirements.txt (line 1))
  Downloading openpyxl-3.1.2-py2.py3-none-any.whl.metadata (2.5 kB)
Collecting altair>=3.2.0 (from streamlit==0.85.0->-r /mount/src/emailgenerator/requirements.txt (line 2))
  Downloading altair-5.3.0-py3-none-any.whl.metadata (9.2 kB)
Collecting astor (from streamlit==0.85.0->-r /mount/src/emailgenerator/requirements.txt (line 2))
  Downloading astor-0.8.1-py2.py3-none-any.whl.metadata (4.2 kB)
Collecting attrs (from streamlit==0.85.0->-r /mount/src/emailgenerator/requirements.txt (line 2))
  Downloading attrs-23.2.0-py3-none-any.whl.metadata (9.5 kB)
Collecting base58 (from streamlit==0.85.0->-r /mount/src/emailgenerator/requirements.txt (line 2))
  Downloading base58-2.1.1-py3-none-any.whl.metadata (3.1 kB)
Collecting blinker (from streamlit==0.85.0->-r /mount/src/emailgenerator/requirements.txt (line 2))
  Downloading blinker-1.7.0-py3-none-any.whl.metadata (1.9 kB)
Collecting cachetools>=4.0 (from streamlit==0.85.0->-r /mount/src/emailgenerator/requirements.txt (line 2))
  Downloading cachetools-5.3.3-py3-none-any.whl.metadata (5.3 kB)
Collecting click<8.0,>=7.0 (from streamlit==0.85.0->-r /mount/src/emailgenerator/requirements.txt (line 2))
  Downloading click-7.1.2-py2.py3-none-any.whl.metadata (2.9 kB)
Collecting numpy (from streamlit==0.85.0->-r /mount/src/emailgenerator/requirements.txt (line 2))
  Downloading numpy-1.26.4-cp311-cp311-manylinux_2_17_x86_64.manylinux2014_x86_64.whl.metadata (61 kB)
     â”â”â”â”â”â”â”â”â”â”â”â”â”â”â”â”â”â”â”â”â”â”â”â”â”â”â”â”â”â”â”â”â”â”â”â”â”â”â” 61.0/61.0 kB 164.9 MB/s eta 0:00:00
Collecting packaging (from streamlit==0.85.0->-r /mount/src/emailgenerator/requirements.txt (line 2))
  Downloading packaging-24.0-py3-none-any.whl.metadata (3.2 kB)
Collecting pillow>=6.2.0 (from streamlit==0.85.0->-r /mount/src/emailgenerator/requirements.txt (line 2))
  Downloading pillow-10.3.0-cp311-cp311-manylinux_2_28_x86_64.whl.metadata (9.2 kB)
Collecting protobuf!=3.11,>=3.6.0 (from streamlit==0.85.0->-r /mount/src/emailgenerator/requirements.txt (line 2))
  Downloading protobuf-5.26.1-cp37-abi3-manylinux2014_x86_64.whl.metadata (592 bytes)
Collecting pyarrow (from streamlit==0.85.0->-r /mount/src/emailgenerator/requirements.txt (line 2))
  Downloading pyarrow-15.0.2-cp311-cp311-manylinux_2_28_x86_64.whl.metadata (3.0 kB)
Collecting pydeck>=0.1.dev5 (from streamlit==0.85.0->-r /mount/src/emailgenerator/requirements.txt (line 2))
  Downloading pydeck-0.8.1b0-py2.py3-none-any.whl.metadata (3.9 kB)
Collecting python-dateutil (from streamlit==0.85.0->-r /mount/src/emailgenerator/requirements.txt (line 2))
  Downloading python_dateutil-2.9.0.post0-py2.py3-none-any.whl.metadata (8.4 kB)
Collecting toml (from streamlit==0.85.0->-r /mount/src/emailgenerator/requirements.txt (line 2))
  Downloading toml-0.10.2-py2.py3-none-any.whl.metadata (7.1 kB)
Collecting tornado>=5.0 (from streamlit==0.85.0->-r /mount/src/emailgenerator/requirements.txt (line 2))
  Downloading tornado-6.4-cp38-abi3-manylinux_2_5_x86_64.manylinux1_x86_64.manylinux_2_17_x86_64.manylinux2014_x86_64.whl.metadata (2.5 kB)
Collecting tzlocal (from streamlit==0.85.0->-r /mount/src/emailgenerator/requirements.txt (line 2))
  Downloading tzlocal-5.2-py3-none-any.whl.metadata (7.8 kB)
Collecting validators (from streamlit==0.85.0->-r /mount/src/emailgenerator/requirements.txt (line 2))
  Downloading validators-0.28.0-py3-none-any.whl.metadata (3.6 kB)
Collecting gitpython (from streamlit==0.85.0->-r /mount/src/emailgenerator/requirements.txt (line 2))
  Downloading GitPython-3.1.43-py3-none-any.whl.metadata (13 kB)
Collecting watchdog (from streamlit==0.85.0->-r /mount/src/emailgenerator/requirements.txt (line 2))
  Downloading watchdog-4.0.0-py3-none-manylinux2014_x86_64.whl.metadata (37 kB)
Collecting jinja2 (from altair>=3.2.0->streamlit==0.85.0->-r /mount/src/emailgenerator/requirements.txt (line 2))
  Downloading Jinja2-3.1.3-py3-none-any.whl.metadata (3.3 kB)
Collecting jsonschema>=3.0 (from altair>=3.2.0->streamlit==0.85.0->-r /mount/src/emailgenerator/requirements.txt (line 2))
  Downloading jsonschema-4.21.1-py3-none-any.whl.metadata (7.8 kB)
Collecting toolz (from altair>=3.2.0->streamlit==0.85.0->-r /mount/src/emailgenerator/requirements.txt (line 2))
  Downloading toolz-0.12.1-py3-none-any.whl.metadata (5.1 kB)
Collecting et-xmlfile (from openpyxl>=3.0.7->openai==0.10.1->-r /mount/src/emailgenerator/requirements.txt (line 1))
  Downloading et_xmlfile-1.1.0-py3-none-any.whl.metadata (1.8 kB)
Collecting pytz>=2020.1 (from pandas>=1.2.3->openai==0.10.1->-r /mount/src/emailgenerator/requirements.txt (line 1))
  Downloading pytz-2024.1-py2.py3-none-any.whl.metadata (22 kB)
Collecting tzdata>=2022.7 (from pandas>=1.2.3->openai==0.10.1->-r /mount/src/emailgenerator/requirements.txt (line 1))
  Downloading tzdata-2024.1-py2.py3-none-any.whl.metadata (1.4 kB)
Collecting types-pytz>=2022.1.1 (from pandas-stubs>=1.1.0.11->openai==0.10.1->-r /mount/src/emailgenerator/requirements.txt (line 1))
  Downloading types_pytz-2024.1.0.20240203-py3-none-any.whl.metadata (1.5 kB)
Collecting six>=1.5 (from python-dateutil->streamlit==0.85.0->-r /mount/src/emailgenerator/requirements.txt (line 2))
  Downloading six-1.16.0-py2.py3-none-any.whl.metadata (1.8 kB)
Collecting charset-normalizer<4,>=2 (from requests>=2.20->openai==0.10.1->-r /mount/src/emailgenerator/requirements.txt (line 1))
  Downloading charset_normalizer-3.3.2-cp311-cp311-manylinux_2_17_x86_64.manylinux2014_x86_64.whl.metadata (33 kB)
Collecting idna<4,>=2.5 (from requests>=2.20->openai==0.10.1->-r /mount/src/emailgenerator/requirements.txt (line 1))
  Downloading idna-3.6-py3-none-any.whl.metadata (9.9 kB)
Collecting urllib3<3,>=1.21.1 (from requests>=2.20->openai==0.10.1->-r /mount/src/emailgenerator/requirements.txt (line 1))
  Downloading urllib3-2.2.1-py3-none-any.whl.metadata (6.4 kB)
Collecting certifi>=2017.4.17 (from requests>=2.20->openai==0.10.1->-r /mount/src/emailgenerator/requirements.txt (line 1))
  Downloading certifi-2024.2.2-py3-none-any.whl.metadata (2.2 kB)
Collecting gitdb<5,>=4.0.1 (from gitpython->streamlit==0.85.0->-r /mount/src/emailgenerator/requirements.txt (line 2))
  Downloading gitdb-4.0.11-py3-none-any.whl.metadata (1.2 kB)
Collecting smmap<6,>=3.0.1 (from gitdb<5,>=4.0.1->gitpython->streamlit==0.85.0->-r /mount/src/emailgenerator/requirements.txt (line 2))
  Downloading smmap-5.0.1-py3-none-any.whl.metadata (4.3 kB)
Collecting MarkupSafe>=2.0 (from jinja2->altair>=3.2.0->streamlit==0.85.0->-r /mount/src/emailgenerator/requirements.txt (line 2))
  Downloading MarkupSafe-2.1.5-cp311-cp311-manylinux_2_17_x86_64.manylinux2014_x86_64.whl.metadata (3.0 kB)
Collecting jsonschema-specifications>=2023.03.6 (from jsonschema>=3.0->altair>=3.2.0->streamlit==0.85.0->-r /mount/src/emailgenerator/requirements.txt (line 2))
  Downloading jsonschema_specifications-2023.12.1-py3-none-any.whl.metadata (3.0 kB)
Collecting referencing>=0.28.4 (from jsonschema>=3.0->altair>=3.2.0->streamlit==0.85.0->-r /mount/src/emailgenerator/requirements.txt (line 2))
  Downloading referencing-0.34.0-py3-none-any.whl.metadata (2.8 kB)
Collecting rpds-py>=0.7.1 (from jsonschema>=3.0->altair>=3.2.0->streamlit==0.85.0->-r /mount/src/emailgenerator/requirements.txt (line 2))
  Downloading rpds_py-0.18.0-cp311-cp311-manylinux_2_17_x86_64.manylinux2014_x86_64.whl.metadata (4.1 kB)
Downloading streamlit-0.85.0-py2.py3-none-any.whl (7.9 MB)
   â”â”â”â”â”â”â”â”â”â”â”â”â”â”â”â”â”â”â”â”â”â”â”â”â”â”â”â”â”â”â”â”â”â”â”â”â”â”â”â” 7.9/7.9 MB 127.4 MB/s eta 0:00:00
Downloading altair-5.3.0-py3-none-any.whl (857 kB)
   â”â”â”â”â”â”â”â”â”â”â”â”â”â”â”â”â”â”â”â”â”â”â”â”â”â”â”â”â”â”â”â”â”â”â”â”â”â”â” 857.8/857.8 kB 195.4 MB/s eta 0:00:00[2024-04-10 06:05:42.751811] 
Downloading cachetools-5.3.3-py3-none-any.whl (9.3 kB)
Downloading click-7.1.2-py2.py3-none-any.whl (82 kB)
   â”â”â”â”â”â”â”â”â”â”â”â”â”â”â”â”â”â”â”â”â”â”â”â”â”â”â”â”â”â”â”â”â”â”â”â”â”â”â”â” 82.8/82.8 kB 164.9 MB/s eta 0:00:00[2024-04-10 06:05:42.776450] 
Downloading openpyxl-3.1.2-py2.py3-none-any.whl (249 kB)
   â”â”â”â”â”â”â”â”â”â”â”â”â”â”â”â”â”â”â”â”â”â”â”â”â”â”â”â”â”â”â”â”â”â”â”â”â”â”â” 250.0/250.0 kB 181.5 MB/s eta 0:00:00[2024-04-10 06:05:42.791837] 
Downloading pandas-2.2.1-cp311-cp311-manylinux_2_17_x86_64.manylinux2014_x86_64.whl (13.0 MB)
   â”â”â”â”â”â”â”â”â”â”â”â”â”â”â”â”â”â”â”â”â”â”â”â”â”â”â”â”â”â”â”â”â”â”â”â”â”â”â”â” 13.0/13.0 MB 185.3 MB/s eta 0:00:00[2024-04-10 06:05:42.883781] 
Downloading numpy-1.26.4-cp311-cp311-manylinux_2_17_x86_64.manylinux2014_x86_64.whl (18.3 MB)
   â”â”â”â”â”â”â”â”â”â”â”â”â”â”â”â”â”â”â”â”â”â”â”â”â”â”â”â”â”â”â”â”â”â”â”â”â”â”â”â” 18.3/18.3 MB 211.4 MB/s eta 0:00:00[2024-04-10 06:05:42.987962] 
Downloading pandas_stubs-2.2.1.240316-py3-none-any.whl (156 kB)
   â”â”â”â”â”â”â”â”â”â”â”â”â”â”â”â”â”â”â”â”â”â”â”â”â”â”â”â”â”â”â”â”â”â”â”â”â”â”â” 156.9/156.9 kB 214.4 MB/s eta 0:00:00[2024-04-10 06:05:43.001780] 
Downloading pillow-10.3.0-cp311-cp311-manylinux_2_28_x86_64.whl (4.5 MB)
   â”â”â”â”â”â”â”â”â”â”â”â”â”â”â”â”â”â”â”â”â”â”â”â”â”â”â”â”â”â”â”â”â”â”â”â”â”â”â”â” 4.5/4.5 MB 155.2 MB/s eta 0:00:00[2024-04-10 06:05:43.051072] 
Downloading protobuf-5.26.1-cp37-abi3-manylinux2014_x86_64.whl (302 kB)
   â”â”â”â”â”â”â”â”â”â”â”â”â”â”â”â”â”â”â”â”â”â”â”â”â”â”â”â”â”â”â”â”â”â”â”â”â”â”â” 302.8/302.8 kB 167.5 MB/s eta 0:00:00[2024-04-10 06:05:43.068059] 
Downloading pydeck-0.8.1b0-py2.py3-none-any.whl (4.8 MB)
   â”â”â”â”â”â”â”â”â”â”â”â”â”â”â”â”â”â”â”â”â”â”â”â”â”â”â”â”â”â”â”â”â”â”â”â”â”â”â”â” 4.8/4.8 MB 157.9 MB/s eta 0:00:00[2024-04-10 06:05:43.115990] 
Downloading python_dateutil-2.9.0.post0-py2.py3-none-any.whl (229 kB)
   â”â”â”â”â”â”â”â”â”â”â”â”â”â”â”â”â”â”â”â”â”â”â”â”â”â”â”â”â”â”â”â”â”â”â”â”â”â”â” 229.9/229.9 kB 155.1 MB/s eta 0:00:00[2024-04-10 06:05:43.131388] 
Downloading requests-2.31.0-py3-none-any.whl (62 kB)
   â”â”â”â”â”â”â”â”â”â”â”â”â”â”â”â”â”â”â”â”â”â”â”â”â”â”â”â”â”â”â”â”â”â”â”â”â”â”â”â” 62.6/62.6 kB 131.1 MB/s eta 0:00:00[2024-04-10 06:05:43.144484] 
Downloading tornado-6.4-cp38-abi3-manylinux_2_5_x86_64.manylinux1_x86_64.manylinux_2_17_x86_64.manylinux2014_x86_64.whl (435 kB)
   â”â”â”â”â”â”â”â”â”â”â”â”â”â”â”â”â”â”â”â”â”â”â”â”â”â”â”â”â”â”â”â”â”â”â”â”â”â”â” 435.4/435.4 kB 139.2 MB/s eta 0:00:00[2024-04-10 06:05:43.164268] 
Downloading astor-0.8.1-py2.py3-none-any.whl (27 kB)
Downloading attrs-23.2.0-py3-none-any.whl (60 kB)
   â”â”â”â”â”â”â”â”â”â”â”â”â”â”â”â”â”â”â”â”â”â”â”â”â”â”â”â”â”â”â”â”â”â”â”â”â”â”â”â” 60.8/60.8 kB 152.8 MB/s eta 0:00:00[2024-04-10 06:05:43.186954] 
Downloading base58-2.1.1-py3-none-any.whl (5.6 kB)
Downloading blinker-1.7.0-py3-none-any.whl (13 kB)
Downloading GitPython-3.1.43-py3-none-any.whl (207 kB)
   â”â”â”â”â”â”â”â”â”â”â”â”â”â”â”â”â”â”â”â”â”â”â”â”â”â”â”â”â”â”â”â”â”â”â”â”â”â”â” 207.3/207.3 kB 197.2 MB/s eta 0:00:00[2024-04-10 06:05:43.221127] 
Downloading packaging-24.0-py3-none-any.whl (53 kB)
   â”â”â”â”â”â”â”â”â”â”â”â”â”â”â”â”â”â”â”â”â”â”â”â”â”â”â”â”â”â”â”â”â”â”â”â”â”â”â”â” 53.5/53.5 kB 146.2 MB/s eta 0:00:00[2024-04-10 06:05:43.235677] 
Downloading pyarrow-15.0.2-cp311-cp311-manylinux_2_28_x86_64.whl (38.3 MB)
   â”â”â”â”â”â”â”â”â”â”â”â”â”â”â”â”â”â”â”â”â”â”â”â”â”â”â”â”â”â”â”â”â”â”â”â”â”â”â”â” 38.3/38.3 MB 208.9 MB/s eta 0:00:00[2024-04-10 06:05:43.472421] 
Downloading toml-0.10.2-py2.py3-none-any.whl (16 kB)
Downloading tqdm-4.66.2-py3-none-any.whl (78 kB)
   â”â”â”â”â”â”â”â”â”â”â”â”â”â”â”â”â”â”â”â”â”â”â”â”â”â”â”â”â”â”â”â”â”â”â”â”â”â”â”â” 78.3/78.3 kB 166.6 MB/s eta 0:00:00[2024-04-10 06:05:43.496222] 
Downloading tzlocal-5.2-py3-none-any.whl (17 kB)
Downloading validators-0.28.0-py3-none-any.whl (39 kB)
Downloading watchdog-4.0.0-py3-none-manylinux2014_x86_64.whl (82 kB)
   â”â”â”â”â”â”â”â”â”â”â”â”â”â”â”â”â”â”â”â”â”â”â”â”â”â”â”â”â”â”â”â”â”â”â”â”â”â”â”â” 83.0/83.0 kB 188.0 MB/s eta 0:00:00[2024-04-10 06:05:43.550963] 
Downloading certifi-2024.2.2-py3-none-any.whl (163 kB)
   â”â”â”â”â”â”â”â”â”â”â”â”â”â”â”â”â”â”â”â”â”â”â”â”â”â”â”â”â”â”â”â”â”â”â”â”â”â”â” 163.8/163.8 kB 163.2 MB/s eta 0:00:00[2024-04-10 06:05:43.573942] 
Downloading charset_normalizer-3.3.2-cp311-cp311-manylinux_2_17_x86_64.manylinux2014_x86_64.whl (140 kB)
   â”â”â”â”â”â”â”â”â”â”â”â”â”â”â”â”â”â”â”â”â”â”â”â”â”â”â”â”â”â”â”â”â”â”â”â”â”â”â” 140.3/140.3 kB 175.6 MB/s eta 0:00:00
Downloading gitdb-4.0.11-py3-none-any.whl (62 kB)
   â”â”â”â”â”â”â”â”â”â”â”â”â”â”â”â”â”â”â”â”â”â”â”â”â”â”â”â”â”â”â”â”â”â”â”â”â”â”â”â” 62.7/62.7 kB 145.5 MB/s eta 0:00:00
Downloading idna-3.6-py3-none-any.whl (61 kB)
   â”â”â”â”â”â”â”â”â”â”â”â”â”â”â”â”â”â”â”â”â”â”â”â”â”â”â”â”â”â”â”â”â”â”â”â”â”â”â”â” 61.6/61.6 kB 152.5 MB/s eta 0:00:00
Downloading Jinja2-3.1.3-py3-none-any.whl (133 kB)
   â”â”â”â”â”â”â”â”â”â”â”â”â”â”â”â”â”â”â”â”â”â”â”â”â”â”â”â”â”â”â”â”â”â”â”â”â”â”â” 133.2/133.2 kB 160.7 MB/s eta 0:00:00[2024-04-10 06:05:43.662531] 
Downloading jsonschema-4.21.1-py3-none-any.whl (85 kB)
   â”â”â”â”â”â”â”â”â”â”â”â”â”â”â”â”â”â”â”â”â”â”â”â”â”â”â”â”â”â”â”â”â”â”â”â”â”â”â”â” 85.5/85.5 kB 158.0 MB/s eta 0:00:00[2024-04-10 06:05:43.685178] 
Downloading pytz-2024.1-py2.py3-none-any.whl (505 kB)
   â”â”â”â”â”â”â”â”â”â”â”â”â”â”â”â”â”â”â”â”â”â”â”â”â”â”â”â”â”â”â”â”â”â”â”â”â”â”â”â” 505.5/505.5 kB 44.4 MB/s eta 0:00:00[2024-04-10 06:05:43.723908] 
Downloading six-1.16.0-py2.py3-none-any.whl (11 kB)
Downloading types_pytz-2024.1.0.20240203-py3-none-any.whl (5.1 kB)
Downloading tzdata-2024.1-py2.py3-none-any.whl (345 kB)
   â”â”â”â”â”â”â”â”â”â”â”â”â”â”â”â”â”â”â”â”â”â”â”â”â”â”â”â”â”â”â”â”â”â”â”â”â”â”â” 345.4/345.4 kB 192.7 MB/s eta 0:00:00
Downloading urllib3-2.2.1-py3-none-any.whl (121 kB)
   â”â”â”â”â”â”â”â”â”â”â”â”â”â”â”â”â”â”â”â”â”â”â”â”â”â”â”â”â”â”â”â”â”â”â”â”â”â”â” 121.1/121.1 kB 204.3 MB/s eta 0:00:00[2024-04-10 06:05:43.794774] 
Downloading et_xmlfile-1.1.0-py3-none-any.whl (4.7 kB)
Downloading toolz-0.12.1-py3-none-any.whl (56 kB)
   â”â”â”â”â”â”â”â”â”â”â”â”â”â”â”â”â”â”â”â”â”â”â”â”â”â”â”â”â”â”â”â”â”â”â”â”â”â”â”â” 56.1/56.1 kB 159.0 MB/s eta 0:00:00
Downloading jsonschema_specifications-2023.12.1-py3-none-any.whl (18 kB)
Downloading MarkupSafe-2.1.5-cp311-cp311-manylinux_2_17_x86_64.manylinux2014_x86_64.whl (28 kB)
Downloading referencing-0.34.0-py3-none-any.whl (26 kB)
Downloading rpds_py-0.18.0-cp311-cp311-manylinux_2_17_x86_64.manylinux2014_x86_64.whl (1.1 MB)
   â”â”â”â”â”â”â”â”â”â”â”â”â”â”â”â”â”â”â”â”â”â”â”â”â”â”â”â”â”â”â”â”â”â”â”â”â”â”â”â” 1.1/1.1 MB 139.9 MB/s eta 0:00:00
Downloading smmap-5.0.1-py3-none-any.whl (24 kB)
Building wheels for collected packages: openai
  Building wheel for openai (setup.py): started
  Building wheel for openai (setup.py): finished with status 'done'
  Created wheel for openai: filename=openai-0.10.1-py3-none-any.whl size=167518 sha256=dc5a5cd34603178037943a213da21b4da16c322355afdc4dfa92542f242e4304
  Stored in directory: /tmp/pip-ephem-wheel-cache-m6dgl8lp/wheels/89/52/cd/37c5cd04a1270090b92899290ec5d25ad3ec54d2c644199eeb
Successfully built openai
Installing collected packages: pytz, watchdog, validators, urllib3, tzlocal, tzdata, types-pytz, tqdm, tornado, toolz, toml, smmap, six, rpds-py, protobuf, pillow, packaging, numpy, MarkupSafe, idna, et-xmlfile, click, charset-normalizer, certifi, cachetools, blinker, base58, attrs, astor, requests, referencing, python-dateutil, pyarrow, pandas-stubs, openpyxl, jinja2, gitdb, pydeck, pandas, jsonschema-specifications, gitpython, openai, jsonschema, altair, streamlit
Successfully installed MarkupSafe-2.1.5 altair-5.3.0 astor-0.8.1 attrs-23.2.0 base58-2.1.1 blinker-1.7.0 cachetools-5.3.3 certifi-2024.2.2 charset-normalizer-3.3.2 click-7.1.2 et-xmlfile-1.1.0 gitdb-4.0.11 gitpython-3.1.43 idna-3.6 jinja2-3.1.3 jsonschema-4.21.1 jsonschema-specifications-2023.12.1 numpy-1.26.4 openai-0.10.1 openpyxl-3.1.2 packaging-24.0 pandas-2.2.1 pandas-stubs-2.2.1.240316 pillow-10.3.0 protobuf-5.26.1 pyarrow-15.0.2 pydeck-0.8.1b0 python-dateutil-2.9.0.post0 pytz-2024.1 referencing-0.34.0 requests-2.31.0 rpds-py-0.18.0 six-1.16.0 smmap-5.0.1 streamlit-0.85.0 toml-0.10.2 toolz-0.12.1 tornado-6.4 tqdm-4.66.2 types-pytz-2024.1.0.20240203 tzdata-2024.1 tzlocal-5.2 urllib3-2.2.1 validators-0.28.0 watchdog-4.0.0
Checking if Streamlit is installed
Traceback (most recent call last):
  File "/home/adminuser/venv/bin/streamlit", line 5, in <module>
    from streamlit.cli import main
  File "/home/adminuser/venv/lib/python3.11/site-packages/streamlit/__init__.py", line 49, in <module>
    from streamlit.proto.RootContainer_pb2 import RootContainer
  File "/home/adminuser/venv/lib/python3.11/site-packages/streamlit/proto/RootContainer_pb2.py", line 33, in <module>
    _descriptor.EnumValueDescriptor(
  File "/home/adminuser/venv/lib/python3.11/site-packages/google/protobuf/descriptor.py", line 914, in __new__
    _message.Message._CheckCalledFromGeneratedFile()
TypeError: Descriptors cannot be created directly.
If this call came from a _pb2.py file, your generated code is out of date and must be regenerated with protoc >= 3.19.0.
If you cannot immediately regenerate your protos, some other possible workarounds are:
 1. Downgrade the protobuf package to 3.20.x or lower.
 2. Set PROTOCOL_BUFFERS_PYTHON_IMPLEMENTATION=python (but this will use pure-Python parsing and will be much slower).

More information: https://developers.google.com/protocol-buffers/docs/news/2022-05-06#python-updates
Found Streamlit version  in the environment
Streamlit  is present which requires version 8.0.0 of the click library. Installing click 8.0.0
Using standard pip install.
Collecting click==8
  Downloading click-8.0.0-py3-none-any.whl.metadata (3.2 kB)
Downloading click-8.0.0-py3-none-any.whl (96 kB)
   â”â”â”â”â”â”â”â”â”â”â”â”â”â”â”â”â”â”â”â”â”â”â”â”â”â”â”â”â”â”â”â”â”â”â”â”â”â”â”â” 96.9/96.9 kB 7.6 MB/s eta 0:00:00
Installing collected packages: click
  Attempting uninstall: click
    Found existing installation: click 7.1.2
    Uninstalling click-7.1.2:
      Successfully uninstalled click-7.1.2
ERROR: pip's dependency resolver does not currently take into account all the packages that are installed. This behaviour is the source of the following dependency conflicts.
streamlit 0.85.0 requires click<8.0,>=7.0, but you have click 8.0.0 which is incompatible.
Successfully installed click-8.0.0
Streamlit  is present which requires a version of protobuf<4. Installing a compatible version of protobuf
Using standard pip install.
Collecting protobuf<4,>=3.20
  Downloading protobuf-3.20.3-py2.py3-none-any.whl.metadata (720 bytes)
Downloading protobuf-3.20.3-py2.py3-none-any.whl (162 kB)
   â”â”â”â”â”â”â”â”â”â”â”â”â”â”â”â”â”â”â”â”â”â”â”â”â”â”â”â”â”â”â”â”â”â”â”â”â”â”â”â” 162.1/162.1 kB 10.2 MB/s eta 0:00:00[2024-04-10 06:06:04.740490] 
Installing collected packages: protobuf
  Attempting uninstall: protobuf
    Found existing installation: protobuf 5.26.1
    Uninstalling protobuf-5.26.1:
      Successfully uninstalled protobuf-5.26.1
Successfully installed protobuf-3.20.3
ERROR: pip's dependency resolver does not currently take into account all the packages that are installed. This behaviour is the source of the following dependency conflicts.
streamlit 0.85.0 requires click<8.0,>=7.0, but you have click 8.0.0 which is incompatible.
Streamlit  is present which is incompatible with altair>=5.0.0. Installing altair 4.*
Using standard pip install.
Collecting altair<5
  Downloading altair-4.2.2-py3-none-any.whl.metadata (13 kB)
Collecting entrypoints (from altair<5)
  Downloading entrypoints-0.4-py3-none-any.whl.metadata (2.6 kB)
Collecting jinja2 (from altair<5)
  Downloading Jinja2-3.1.3-py3-none-any.whl.metadata (3.3 kB)
Collecting jsonschema>=3.0 (from altair<5)
  Downloading jsonschema-4.21.1-py3-none-any.whl.metadata (7.8 kB)
Collecting numpy (from altair<5)
  Downloading numpy-1.26.4-cp311-cp311-manylinux_2_17_x86_64.manylinux2014_x86_64.whl.metadata (61 kB)
     â”â”â”â”â”â”â”â”â”â”â”â”â”â”â”â”â”â”â”â”â”â”â”â”â”â”â”â”â”â”â”â”â”â”â”â”â”â”â”â” 61.0/61.0 kB 23.1 MB/s eta 0:00:00
Collecting pandas>=0.18 (from altair<5)
  Downloading pandas-2.2.1-cp311-cp311-manylinux_2_17_x86_64.manylinux2014_x86_64.whl.metadata (19 kB)
Collecting toolz (from altair<5)
  Downloading toolz-0.12.1-py3-none-any.whl.metadata (5.1 kB)
Collecting attrs>=22.2.0 (from jsonschema>=3.0->altair<5)
  Downloading attrs-23.2.0-py3-none-any.whl.metadata (9.5 kB)
Collecting jsonschema-specifications>=2023.03.6 (from jsonschema>=3.0->altair<5)
  Downloading jsonschema_specifications-2023.12.1-py3-none-any.whl.metadata (3.0 kB)
Collecting referencing>=0.28.4 (from jsonschema>=3.0->altair<5)
  Downloading referencing-0.34.0-py3-none-any.whl.metadata (2.8 kB)
Collecting rpds-py>=0.7.1 (from jsonschema>=3.0->altair<5)
  Downloading rpds_py-0.18.0-cp311-cp311-manylinux_2_17_x86_64.manylinux2014_x86_64.whl.metadata (4.1 kB)
Collecting python-dateutil>=2.8.2 (from pandas>=0.18->altair<5)
  Downloading python_dateutil-2.9.0.post0-py2.py3-none-any.whl.metadata (8.4 kB)
Collecting pytz>=2020.1 (from pandas>=0.18->altair<5)
  Downloading pytz-2024.1-py2.py3-none-any.whl.metadata (22 kB)
Collecting tzdata>=2022.7 (from pandas>=0.18->altair<5)
  Downloading tzdata-2024.1-py2.py3-none-any.whl.metadata (1.4 kB)
Collecting MarkupSafe>=2.0 (from jinja2->altair<5)
  Downloading MarkupSafe-2.1.5-cp311-cp311-manylinux_2_17_x86_64.manylinux2014_x86_64.whl.metadata (3.0 kB)
Collecting six>=1.5 (from python-dateutil>=2.8.2->pandas>=0.18->altair<5)
  Downloading six-1.16.0-py2.py3-none-any.whl.metadata (1.8 kB)
Downloading altair-4.2.2-py3-none-any.whl (813 kB)
   â”â”â”â”â”â”â”â”â”â”â”â”â”â”â”â”â”â”â”â”â”â”â”â”â”â”â”â”â”â”â”â”â”â”â”â”â”â”â”â” 813.6/813.6 kB 44.5 MB/s eta 0:00:00[2024-04-10 06:06:07.835533] 
Downloading jsonschema-4.21.1-py3-none-any.whl (85 kB)
   â”â”â”â”â”â”â”â”â”â”â”â”â”â”â”â”â”â”â”â”â”â”â”â”â”â”â”â”â”â”â”â”â”â”â”â”â”â”â”â” 85.5/85.5 kB 165.6 MB/s eta 0:00:00
Downloading pandas-2.2.1-cp311-cp311-manylinux_2_17_x86_64.manylinux2014_x86_64.whl (13.0 MB)
   â”â”â”â”â”â”â”â”â”â”â”â”â”â”â”â”â”â”â”â”â”â”â”â”â”â”â”â”â”â”â”â”â”â”â”â”â”â”â”â” 13.0/13.0 MB 112.6 MB/s eta 0:00:00[2024-04-10 06:06:07.973653] 
Downloading numpy-1.26.4-cp311-cp311-manylinux_2_17_x86_64.manylinux2014_x86_64.whl (18.3 MB)
   â”â”â”â”â”â”â”â”â”â”â”â”â”â”â”â”â”â”â”â”â”â”â”â”â”â”â”â”â”â”â”â”â”â”â”â”â”â”â”â” 18.3/18.3 MB 153.7 MB/s eta 0:00:00[2024-04-10 06:06:08.090918] 
Downloading entrypoints-0.4-py3-none-any.whl (5.3 kB)
Downloading Jinja2-3.1.3-py3-none-any.whl (133 kB)
   â”â”â”â”â”â”â”â”â”â”â”â”â”â”â”â”â”â”â”â”â”â”â”â”â”â”â”â”â”â”â”â”â”â”â”â”â”â”â” 133.2/133.2 kB 198.8 MB/s eta 0:00:00[2024-04-10 06:06:08.115632] 
Downloading toolz-0.12.1-py3-none-any.whl (56 kB)
   â”â”â”â”â”â”â”â”â”â”â”â”â”â”â”â”â”â”â”â”â”â”â”â”â”â”â”â”â”â”â”â”â”â”â”â”â”â”â”â” 56.1/56.1 kB 116.4 MB/s eta 0:00:00[2024-04-10 06:06:08.128843] 
Downloading attrs-23.2.0-py3-none-any.whl (60 kB)
   â”â”â”â”â”â”â”â”â”â”â”â”â”â”â”â”â”â”â”â”â”â”â”â”â”â”â”â”â”â”â”â”â”â”â”â”â”â”â”â” 60.8/60.8 kB 151.8 MB/s eta 0:00:00[2024-04-10 06:06:08.142046] 
Downloading jsonschema_specifications-2023.12.1-py3-none-any.whl (18 kB)
Downloading MarkupSafe-2.1.5-cp311-cp311-manylinux_2_17_x86_64.manylinux2014_x86_64.whl (28 kB)
Downloading python_dateutil-2.9.0.post0-py2.py3-none-any.whl (229 kB)
   â”â”â”â”â”â”â”â”â”â”â”â”â”â”â”â”â”â”â”â”â”â”â”â”â”â”â”â”â”â”â”â”â”â”â”â”â”â”â” 229.9/229.9 kB 201.7 MB/s eta 0:00:00[2024-04-10 06:06:08.175229] 
Downloading pytz-2024.1-py2.py3-none-any.whl (505 kB)
   â”â”â”â”â”â”â”â”â”â”â”â”â”â”â”â”â”â”â”â”â”â”â”â”â”â”â”â”â”â”â”â”â”â”â”â”â”â”â” 505.5/505.5 kB 202.0 MB/s eta 0:00:00[2024-04-10 06:06:08.189323] 
Downloading referencing-0.34.0-py3-none-any.whl (26 kB)
Downloading rpds_py-0.18.0-cp311-cp311-manylinux_2_17_x86_64.manylinux2014_x86_64.whl (1.1 MB)
   â”â”â”â”â”â”â”â”â”â”â”â”â”â”â”â”â”â”â”â”â”â”â”â”â”â”â”â”â”â”â”â”â”â”â”â”â”â”â”â” 1.1/1.1 MB 162.8 MB/s eta 0:00:00
Downloading tzdata-2024.1-py2.py3-none-any.whl (345 kB)
   â”â”â”â”â”â”â”â”â”â”â”â”â”â”â”â”â”â”â”â”â”â”â”â”â”â”â”â”â”â”â”â”â”â”â”â”â”â”â” 345.4/345.4 kB 158.4 MB/s eta 0:00:00[2024-04-10 06:06:08.243425] 
Downloading six-1.16.0-py2.py3-none-any.whl (11 kB)
Installing collected packages: pytz, tzdata, toolz, six, rpds-py, numpy, MarkupSafe, entrypoints, attrs, referencing, python-dateutil, jinja2, pandas, jsonschema-specifications, jsonschema, altair
  Attempting uninstall: pytz
    Found existing installation: pytz 2024.1
    Uninstalling pytz-2024.1:
      Successfully uninstalled pytz-2024.1
  Attempting uninstall: tzdata
    Found existing installation: tzdata 2024.1
    Uninstalling tzdata-2024.1:
      Successfully uninstalled tzdata-2024.1
  Attempting uninstall: toolz
    Found existing installation: toolz 0.12.1
    Uninstalling toolz-0.12.1:
      Successfully uninstalled toolz-0.12.1
  Attempting uninstall: six
    Found existing installation: six 1.16.0
    Uninstalling six-1.16.0:
      Successfully uninstalled six-1.16.0
  Attempting uninstall: rpds-py
    Found existing installation: rpds-py 0.18.0
    Uninstalling rpds-py-0.18.0:
      Successfully uninstalled rpds-py-0.18.0
  Attempting uninstall: numpy
    Found existing installation: numpy 1.26.4
    Uninstalling numpy-1.26.4:
      Successfully uninstalled numpy-1.26.4
  Attempting uninstall: MarkupSafe
    Found existing installation: MarkupSafe 2.1.5
    Uninstalling MarkupSafe-2.1.5:
      Successfully uninstalled MarkupSafe-2.1.5
  Attempting uninstall: attrs
    Found existing installation: attrs 23.2.0
    Uninstalling attrs-23.2.0:
      Successfully uninstalled attrs-23.2.0
  Attempting uninstall: referencing
    Found existing installation: referencing 0.34.0
    Uninstalling referencing-0.34.0:
      Successfully uninstalled referencing-0.34.0
  Attempting uninstall: python-dateutil
    Found existing installation: python-dateutil 2.9.0.post0
    Uninstalling python-dateutil-2.9.0.post0:
      Successfully uninstalled python-dateutil-2.9.0.post0
  Attempting uninstall: jinja2
    Found existing installation: Jinja2 3.1.3
    Uninstalling Jinja2-3.1.3:
      Successfully uninstalled Jinja2-3.1.3
  Attempting uninstall: pandas
    Found existing installation: pandas 2.2.1
    Uninstalling pandas-2.2.1:
      Successfully uninstalled pandas-2.2.1
  Attempting uninstall: jsonschema-specifications
    Found existing installation: jsonschema-specifications 2023.12.1
    Uninstalling jsonschema-specifications-2023.12.1:
      Successfully uninstalled jsonschema-specifications-2023.12.1
  Attempting uninstall: jsonschema
    Found existing installation: jsonschema 4.21.1
    Uninstalling jsonschema-4.21.1:
      Successfully uninstalled jsonschema-4.21.1
  Attempting uninstall: altair
    Found existing installation: altair 5.3.0
    Uninstalling altair-5.3.0:
      Successfully uninstalled altair-5.3.0
ERROR: pip's dependency resolver does not currently take into account all the packages that are installed. This behaviour is the source of the following dependency conflicts.
streamlit 0.85.0 requires click<8.0,>=7.0, but you have click 8.0.0 which is incompatible.
Successfully installed MarkupSafe-2.1.5 altair-4.2.2 attrs-23.2.0 entrypoints-0.4 jinja2-3.1.3 jsonschema-4.21.1 jsonschema-specifications-2023.12.1 numpy-1.26.4 pandas-2.2.1 python-dateutil-2.9.0.post0 pytz-2024.1 referencing-0.34.0 rpds-py-0.18.0 six-1.16.0 toolz-0.12.1 tzdata-2024.1

â”€â”€â”€â”€â”€â”€â”€â”€â”€â”€â”€â”€â”€â”€â”€â”€â”€â”€â”€â”€â”€â”€â”€â”€â”€â”€â”€â”€â”€â”€â”€â”€â”€â”€â”€â”€â”€â”€â”€â”€â”€â”€â”€â”€â”€â”€â”€â”€â”€â”€â”€â”€â”€â”€â”€â”€â”€â”€â”€â”€â”€â”€â”€â”€â”€â”€â”€â”€â”€â”€â”€â”€â”€â”€â”€â”€â”€â”€â”€â”€â”€â”€â”€â”€â”€â”€â”€â”€

[06:06:20] ğŸ Python dependencies were installed from /mount/src/emailgenerator/requirements.txt using pip.
Check if streamlit is installed
Streamlit is already installed
[06:06:22] ğŸ“¦ Processed dependencies!
Traceback (most recent call last):
  File "/home/adminuser/venv/bin/streamlit", line 5, in <module>
    from streamlit.cli import main
  File "/home/adminuser/venv/lib/python3.11/site-packages/streamlit/__init__.py", line 76, in <module>
    from streamlit.delta_generator import DeltaGenerator as _DeltaGenerator
  File "/home/adminuser/venv/lib/python3.11/site-packages/streamlit/delta_generator.py", line 69, in <module>
    from streamlit.elements.arrow import ArrowMixin
  File "/home/adminuser/venv/lib/python3.11/site-packages/streamlit/elements/arrow.py", line 15, in <module>
    from collections import Iterable
ImportError: cannot import name 'Iterable' from 'collections' (/usr/local/lib/python3.11/collections/__init__.py)
[06:06:23] â—ï¸ error restarting streamlit: exit status 7: output: streamlit: ERROR (not running)
streamlit: ERROR (spawn error)

[06:06:23] â—ï¸ Error during processing dependencies! Please fix the error and push an update, or try restarting the app.
[06:07:05] ğŸ™ Pulling code changes from Github...
[06:07:06] ğŸ“¦ Processing dependencies...

â”€â”€â”€â”€â”€â”€â”€â”€â”€â”€â”€â”€â”€â”€â”€â”€â”€â”€â”€â”€â”€â”€â”€â”€â”€â”€â”€â”€â”€â”€â”€â”€â”€â”€â”€â”€â”€â”€â”€â”€ pip â”€â”€â”€â”€â”€â”€â”€â”€â”€â”€â”€â”€â”€â”€â”€â”€â”€â”€â”€â”€â”€â”€â”€â”€â”€â”€â”€â”€â”€â”€â”€â”€â”€â”€â”€â”€â”€â”€â”€â”€â”€â”€â”€

Using standard pip install.
Collecting openai==0.10.1 (from -r /mount/src/emailgenerator/requirements.txt (line 1))
  Downloading openai-0.10.1.tar.gz (155 kB)
     â”â”â”â”â”â”â”â”â”â”â”â”â”â”â”â”â”â”â”â”â”â”â”â”â”â”â”â”â”â”â”â”â”â”â”â”â”â”â” 156.0/156.0 kB 9.3 MB/s eta 0:00:00[2024-04-10 06:07:07.389618] 
  Preparing metadata (setup.py): started
  Preparing metadata (setup.py): finished with status 'done'
Collecting streamlit==0.85.0 (from -r /mount/src/emailgenerator/requirements.txt (line 2))
  Downloading streamlit-0.85.0-py2.py3-none-any.whl.metadata (1.1 kB)
Collecting requests>=2.20 (from openai==0.10.1->-r /mount/src/emailgenerator/requirements.txt (line 1))
  Downloading requests-2.31.0-py3-none-any.whl.metadata (4.6 kB)
Collecting tqdm (from openai==0.10.1->-r /mount/src/emailgenerator/requirements.txt (line 1))
  Downloading tqdm-4.66.2-py3-none-any.whl.metadata (57 kB)
     â”â”â”â”â”â”â”â”â”â”â”â”â”â”â”â”â”â”â”â”â”â”â”â”â”â”â”â”â”â”â”â”â”â”â”â”â”â”â” 57.6/57.6 kB 238.1 MB/s eta 0:00:00[2024-04-10 06:07:07.958424] 
Collecting pandas>=1.2.3 (from openai==0.10.1->-r /mount/src/emailgenerator/requirements.txt (line 1))
  Downloading pandas-2.2.1-cp311-cp311-manylinux_2_17_x86_64.manylinux2014_x86_64.whl.metadata (19 kB)
Collecting pandas-stubs>=1.1.0.11 (from openai==0.10.1->-r /mount/src/emailgenerator/requirements.txt (line 1))
  Downloading pandas_stubs-2.2.1.240316-py3-none-any.whl.metadata (9.5 kB)
Collecting openpyxl>=3.0.7 (from openai==0.10.1->-r /mount/src/emailgenerator/requirements.txt (line 1))
  Downloading openpyxl-3.1.2-py2.py3-none-any.whl.metadata (2.5 kB)
Collecting altair>=3.2.0 (from streamlit==0.85.0->-r /mount/src/emailgenerator/requirements.txt (line 2))
  Downloading altair-5.3.0-py3-none-any.whl.metadata (9.2 kB)
Collecting astor (from streamlit==0.85.0->-r /mount/src/emailgenerator/requirements.txt (line 2))
  Downloading astor-0.8.1-py2.py3-none-any.whl.metadata (4.2 kB)
Collecting attrs (from streamlit==0.85.0->-r /mount/src/emailgenerator/requirements.txt (line 2))
  Downloading attrs-23.2.0-py3-none-any.whl.metadata (9.5 kB)
Collecting base58 (from streamlit==0.85.0->-r /mount/src/emailgenerator/requirements.txt (line 2))
  Downloading base58-2.1.1-py3-none-any.whl.metadata (3.1 kB)
Collecting blinker (from streamlit==0.85.0->-r /mount/src/emailgenerator/requirements.txt (line 2))
  Downloading blinker-1.7.0-py3-none-any.whl.metadata (1.9 kB)
Collecting cachetools>=4.0 (from streamlit==0.85.0->-r /mount/src/emailgenerator/requirements.txt (line 2))
  Downloading cachetools-5.3.3-py3-none-any.whl.metadata (5.3 kB)
Collecting click<8.0,>=7.0 (from streamlit==0.85.0->-r /mount/src/emailgenerator/requirements.txt (line 2))
  Downloading click-7.1.2-py2.py3-none-any.whl.metadata (2.9 kB)
Collecting numpy (from streamlit==0.85.0->-r /mount/src/emailgenerator/requirements.txt (line 2))
  Downloading numpy-1.26.4-cp311-cp311-manylinux_2_17_x86_64.manylinux2014_x86_64.whl.metadata (61 kB)
     â”â”â”â”â”â”â”â”â”â”â”â”â”â”â”â”â”â”â”â”â”â”â”â”â”â”â”â”â”â”â”â”â”â”â”â”â”â”â” 61.0/61.0 kB 137.7 MB/s eta 0:00:00[2024-04-10 06:07:08.910519] 
Collecting packaging (from streamlit==0.85.0->-r /mount/src/emailgenerator/requirements.txt (line 2))
  Downloading packaging-24.0-py3-none-any.whl.metadata (3.2 kB)
Collecting pillow>=6.2.0 (from streamlit==0.85.0->-r /mount/src/emailgenerator/requirements.txt (line 2))
  Downloading pillow-10.3.0-cp311-cp311-manylinux_2_28_x86_64.whl.metadata (9.2 kB)
Collecting protobuf!=3.11,>=3.6.0 (from streamlit==0.85.0->-r /mount/src/emailgenerator/requirements.txt (line 2))
  Downloading protobuf-5.26.1-cp37-abi3-manylinux2014_x86_64.whl.metadata (592 bytes)
Collecting pyarrow (from streamlit==0.85.0->-r /mount/src/emailgenerator/requirements.txt (line 2))
  Downloading pyarrow-15.0.2-cp311-cp311-manylinux_2_28_x86_64.whl.metadata (3.0 kB)
Collecting pydeck>=0.1.dev5 (from streamlit==0.85.0->-r /mount/src/emailgenerator/requirements.txt (line 2))
  Downloading pydeck-0.8.1b0-py2.py3-none-any.whl.metadata (3.9 kB)
Collecting python-dateutil (from streamlit==0.85.0->-r /mount/src/emailgenerator/requirements.txt (line 2))
  Downloading python_dateutil-2.9.0.post0-py2.py3-none-any.whl.metadata (8.4 kB)
Collecting toml (from streamlit==0.85.0->-r /mount/src/emailgenerator/requirements.txt (line 2))
  Downloading toml-0.10.2-py2.py3-none-any.whl.metadata (7.1 kB)
Collecting tornado>=5.0 (from streamlit==0.85.0->-r /mount/src/emailgenerator/requirements.txt (line 2))
  Downloading tornado-6.4-cp38-abi3-manylinux_2_5_x86_64.manylinux1_x86_64.manylinux_2_17_x86_64.manylinux2014_x86_64.whl.metadata (2.5 kB)
Collecting tzlocal (from streamlit==0.85.0->-r /mount/src/emailgenerator/requirements.txt (line 2))
  Downloading tzlocal-5.2-py3-none-any.whl.metadata (7.8 kB)
Collecting validators (from streamlit==0.85.0->-r /mount/src/emailgenerator/requirements.txt (line 2))
  Downloading validators-0.28.0-py3-none-any.whl.metadata (3.6 kB)
Collecting gitpython (from streamlit==0.85.0->-r /mount/src/emailgenerator/requirements.txt (line 2))
  Downloading GitPython-3.1.43-py3-none-any.whl.metadata (13 kB)
Collecting watchdog (from streamlit==0.85.0->-r /mount/src/emailgenerator/requirements.txt (line 2))
  Downloading watchdog-4.0.0-py3-none-manylinux2014_x86_64.whl.metadata (37 kB)
Collecting jinja2 (from altair>=3.2.0->streamlit==0.85.0->-r /mount/src/emailgenerator/requirements.txt (line 2))
  Downloading Jinja2-3.1.3-py3-none-any.whl.metadata (3.3 kB)
Collecting jsonschema>=3.0 (from altair>=3.2.0->streamlit==0.85.0->-r /mount/src/emailgenerator/requirements.txt (line 2))
  Downloading jsonschema-4.21.1-py3-none-any.whl.metadata (7.8 kB)
Collecting toolz (from altair>=3.2.0->streamlit==0.85.0->-r /mount/src/emailgenerator/requirements.txt (line 2))
  Downloading toolz-0.12.1-py3-none-any.whl.metadata (5.1 kB)
Collecting et-xmlfile (from openpyxl>=3.0.7->openai==0.10.1->-r /mount/src/emailgenerator/requirements.txt (line 1))
  Downloading et_xmlfile-1.1.0-py3-none-any.whl.metadata (1.8 kB)
Collecting pytz>=2020.1 (from pandas>=1.2.3->openai==0.10.1->-r /mount/src/emailgenerator/requirements.txt (line 1))
  Downloading pytz-2024.1-py2.py3-none-any.whl.metadata (22 kB)
Collecting tzdata>=2022.7 (from pandas>=1.2.3->openai==0.10.1->-r /mount/src/emailgenerator/requirements.txt (line 1))
  Downloading tzdata-2024.1-py2.py3-none-any.whl.metadata (1.4 kB)
Collecting types-pytz>=2022.1.1 (from pandas-stubs>=1.1.0.11->openai==0.10.1->-r /mount/src/emailgenerator/requirements.txt (line 1))
  Downloading types_pytz-2024.1.0.20240203-py3-none-any.whl.metadata (1.5 kB)
Collecting six>=1.5 (from python-dateutil->streamlit==0.85.0->-r /mount/src/emailgenerator/requirements.txt (line 2))
  Downloading six-1.16.0-py2.py3-none-any.whl.metadata (1.8 kB)
Collecting charset-normalizer<4,>=2 (from requests>=2.20->openai==0.10.1->-r /mount/src/emailgenerator/requirements.txt (line 1))
  Downloading charset_normalizer-3.3.2-cp311-cp311-manylinux_2_17_x86_64.manylinux2014_x86_64.whl.metadata (33 kB)
Collecting idna<4,>=2.5 (from requests>=2.20->openai==0.10.1->-r /mount/src/emailgenerator/requirements.txt (line 1))
  Downloading idna-3.6-py3-none-any.whl.metadata (9.9 kB)
Collecting urllib3<3,>=1.21.1 (from requests>=2.20->openai==0.10.1->-r /mount/src/emailgenerator/requirements.txt (line 1))
  Downloading urllib3-2.2.1-py3-none-any.whl.metadata (6.4 kB)
Collecting certifi>=2017.4.17 (from requests>=2.20->openai==0.10.1->-r /mount/src/emailgenerator/requirements.txt (line 1))
  Downloading certifi-2024.2.2-py3-none-any.whl.metadata (2.2 kB)
Collecting gitdb<5,>=4.0.1 (from gitpython->streamlit==0.85.0->-r /mount/src/emailgenerator/requirements.txt (line 2))
  Downloading gitdb-4.0.11-py3-none-any.whl.metadata (1.2 kB)
Collecting smmap<6,>=3.0.1 (from gitdb<5,>=4.0.1->gitpython->streamlit==0.85.0->-r /mount/src/emailgenerator/requirements.txt (line 2))
  Downloading smmap-5.0.1-py3-none-any.whl.metadata (4.3 kB)
Collecting MarkupSafe>=2.0 (from jinja2->altair>=3.2.0->streamlit==0.85.0->-r /mount/src/emailgenerator/requirements.txt (line 2))
  Downloading MarkupSafe-2.1.5-cp311-cp311-manylinux_2_17_x86_64.manylinux2014_x86_64.whl.metadata (3.0 kB)
Collecting jsonschema-specifications>=2023.03.6 (from jsonschema>=3.0->altair>=3.2.0->streamlit==0.85.0->-r /mount/src/emailgenerator/requirements.txt (line 2))
  Downloading jsonschema_specifications-2023.12.1-py3-none-any.whl.metadata (3.0 kB)
Collecting referencing>=0.28.4 (from jsonschema>=3.0->altair>=3.2.0->streamlit==0.85.0->-r /mount/src/emailgenerator/requirements.txt (line 2))
  Downloading referencing-0.34.0-py3-none-any.whl.metadata (2.8 kB)
Collecting rpds-py>=0.7.1 (from jsonschema>=3.0->altair>=3.2.0->streamlit==0.85.0->-r /mount/src/emailgenerator/requirements.txt (line 2))
  Downloading rpds_py-0.18.0-cp311-cp311-manylinux_2_17_x86_64.manylinux2014_x86_64.whl.metadata (4.1 kB)
Downloading streamlit-0.85.0-py2.py3-none-any.whl (7.9 MB)
   â”â”â”â”â”â”â”â”â”â”â”â”â”â”â”â”â”â”â”â”â”â”â”â”â”â”â”â”â”â”â”â”â”â”â”â”â”â”â”â” 7.9/7.9 MB 148.1 MB/s eta 0:00:00
Downloading altair-5.3.0-py3-none-any.whl (857 kB)
   â”â”â”â”â”â”â”â”â”â”â”â”â”â”â”â”â”â”â”â”â”â”â”â”â”â”â”â”â”â”â”â”â”â”â”â”â”â”â” 857.8/857.8 kB 188.0 MB/s eta 0:00:00
Downloading cachetools-5.3.3-py3-none-any.whl (9.3 kB)
Downloading click-7.1.2-py2.py3-none-any.whl (82 kB)
   â”â”â”â”â”â”â”â”â”â”â”â”â”â”â”â”â”â”â”â”â”â”â”â”â”â”â”â”â”â”â”â”â”â”â”â”â”â”â”â” 82.8/82.8 kB 158.8 MB/s eta 0:00:00[2024-04-10 06:07:12.174882] 
Downloading openpyxl-3.1.2-py2.py3-none-any.whl (249 kB)
   â”â”â”â”â”â”â”â”â”â”â”â”â”â”â”â”â”â”â”â”â”â”â”â”â”â”â”â”â”â”â”â”â”â”â”â”â”â”â” 250.0/250.0 kB 152.9 MB/s eta 0:00:00[2024-04-10 06:07:12.192340] 
Downloading pandas-2.2.1-cp311-cp311-manylinux_2_17_x86_64.manylinux2014_x86_64.whl (13.0 MB)
   â”â”â”â”â”â”â”â”â”â”â”â”â”â”â”â”â”â”â”â”â”â”â”â”â”â”â”â”â”â”â”â”â”â”â”â”â”â”â”â” 13.0/13.0 MB 153.5 MB/s eta 0:00:00[2024-04-10 06:07:12.287230] 
Downloading numpy-1.26.4-cp311-cp311-manylinux_2_17_x86_64.manylinux2014_x86_64.whl (18.3 MB)
   â”â”â”â”â”â”â”â”â”â”â”â”â”â”â”â”â”â”â”â”â”â”â”â”â”â”â”â”â”â”â”â”â”â”â”â”â”â”â”â” 18.3/18.3 MB 187.9 MB/s eta 0:00:00[2024-04-10 06:07:12.403190] 
Downloading pandas_stubs-2.2.1.240316-py3-none-any.whl (156 kB)
   â”â”â”â”â”â”â”â”â”â”â”â”â”â”â”â”â”â”â”â”â”â”â”â”â”â”â”â”â”â”â”â”â”â”â”â”â”â”â” 156.9/156.9 kB 250.1 MB/s eta 0:00:00[2024-04-10 06:07:12.417531] 
Downloading pillow-10.3.0-cp311-cp311-manylinux_2_28_x86_64.whl (4.5 MB)
   â”â”â”â”â”â”â”â”â”â”â”â”â”â”â”â”â”â”â”â”â”â”â”â”â”â”â”â”â”â”â”â”â”â”â”â”â”â”â”â” 4.5/4.5 MB 163.4 MB/s eta 0:00:00
Downloading protobuf-5.26.1-cp37-abi3-manylinux2014_x86_64.whl (302 kB)
   â”â”â”â”â”â”â”â”â”â”â”â”â”â”â”â”â”â”â”â”â”â”â”â”â”â”â”â”â”â”â”â”â”â”â”â”â”â”â” 302.8/302.8 kB 177.8 MB/s eta 0:00:00[2024-04-10 06:07:12.477227] 
Downloading pydeck-0.8.1b0-py2.py3-none-any.whl (4.8 MB)
   â”â”â”â”â”â”â”â”â”â”â”â”â”â”â”â”â”â”â”â”â”â”â”â”â”â”â”â”â”â”â”â”â”â”â”â”â”â”â”â” 4.8/4.8 MB 152.3 MB/s eta 0:00:00[2024-04-10 06:07:12.529839] 
Downloading python_dateutil-2.9.0.post0-py2.py3-none-any.whl (229 kB)
   â”â”â”â”â”â”â”â”â”â”â”â”â”â”â”â”â”â”â”â”â”â”â”â”â”â”â”â”â”â”â”â”â”â”â”â”â”â”â” 229.9/229.9 kB 172.7 MB/s eta 0:00:00[2024-04-10 06:07:12.547481] 
Downloading requests-2.31.0-py3-none-any.whl (62 kB)
   â”â”â”â”â”â”â”â”â”â”â”â”â”â”â”â”â”â”â”â”â”â”â”â”â”â”â”â”â”â”â”â”â”â”â”â”â”â”â”â” 62.6/62.6 kB 160.7 MB/s eta 0:00:00[2024-04-10 06:07:12.565077] 
Downloading tornado-6.4-cp38-abi3-manylinux_2_5_x86_64.manylinux1_x86_64.manylinux_2_17_x86_64.manylinux2014_x86_64.whl (435 kB)
   â”â”â”â”â”â”â”â”â”â”â”â”â”â”â”â”â”â”â”â”â”â”â”â”â”â”â”â”â”â”â”â”â”â”â”â”â”â”â” 435.4/435.4 kB 162.0 MB/s eta 0:00:00[2024-04-10 06:07:12.585397] 
Downloading astor-0.8.1-py2.py3-none-any.whl (27 kB)
Downloading attrs-23.2.0-py3-none-any.whl (60 kB)
   â”â”â”â”â”â”â”â”â”â”â”â”â”â”â”â”â”â”â”â”â”â”â”â”â”â”â”â”â”â”â”â”â”â”â”â”â”â”â”â” 60.8/60.8 kB 192.0 MB/s eta 0:00:00[2024-04-10 06:07:12.609116] 
Downloading base58-2.1.1-py3-none-any.whl (5.6 kB)
Downloading blinker-1.7.0-py3-none-any.whl (13 kB)
Downloading GitPython-3.1.43-py3-none-any.whl (207 kB)
   â”â”â”â”â”â”â”â”â”â”â”â”â”â”â”â”â”â”â”â”â”â”â”â”â”â”â”â”â”â”â”â”â”â”â”â”â”â”â” 207.3/207.3 kB 222.6 MB/s eta 0:00:00[2024-04-10 06:07:12.644515] 
Downloading packaging-24.0-py3-none-any.whl (53 kB)
   â”â”â”â”â”â”â”â”â”â”â”â”â”â”â”â”â”â”â”â”â”â”â”â”â”â”â”â”â”â”â”â”â”â”â”â”â”â”â”â” 53.5/53.5 kB 158.7 MB/s eta 0:00:00[2024-04-10 06:07:12.658155] 
Downloading pyarrow-15.0.2-cp311-cp311-manylinux_2_28_x86_64.whl (38.3 MB)
   â”â”â”â”â”â”â”â”â”â”â”â”â”â”â”â”â”â”â”â”â”â”â”â”â”â”â”â”â”â”â”â”â”â”â”â”â”â”â”â” 38.3/38.3 MB 263.7 MB/s eta 0:00:00[2024-04-10 06:07:12.851698] 
Downloading toml-0.10.2-py2.py3-none-any.whl (16 kB)
Downloading tqdm-4.66.2-py3-none-any.whl (78 kB)
   â”â”â”â”â”â”â”â”â”â”â”â”â”â”â”â”â”â”â”â”â”â”â”â”â”â”â”â”â”â”â”â”â”â”â”â”â”â”â”â” 78.3/78.3 kB 147.5 MB/s eta 0:00:00[2024-04-10 06:07:12.874369] 
Downloading tzlocal-5.2-py3-none-any.whl (17 kB)
Downloading validators-0.28.0-py3-none-any.whl (39 kB)
Downloading watchdog-4.0.0-py3-none-manylinux2014_x86_64.whl (82 kB)
   â”â”â”â”â”â”â”â”â”â”â”â”â”â”â”â”â”â”â”â”â”â”â”â”â”â”â”â”â”â”â”â”â”â”â”â”â”â”â”â” 83.0/83.0 kB 152.6 MB/s eta 0:00:00[2024-04-10 06:07:12.907646] 
Downloading certifi-2024.2.2-py3-none-any.whl (163 kB)
   â”â”â”â”â”â”â”â”â”â”â”â”â”â”â”â”â”â”â”â”â”â”â”â”â”â”â”â”â”â”â”â”â”â”â”â”â”â”â” 163.8/163.8 kB 171.4 MB/s eta 0:00:00[2024-04-10 06:07:12.921365] 
Downloading charset_normalizer-3.3.2-cp311-cp311-manylinux_2_17_x86_64.manylinux2014_x86_64.whl (140 kB)
   â”â”â”â”â”â”â”â”â”â”â”â”â”â”â”â”â”â”â”â”â”â”â”â”â”â”â”â”â”â”â”â”â”â”â”â”â”â”â” 140.3/140.3 kB 194.8 MB/s eta 0:00:00[2024-04-10 06:07:12.937361] 
Downloading gitdb-4.0.11-py3-none-any.whl (62 kB)
   â”â”â”â”â”â”â”â”â”â”â”â”â”â”â”â”â”â”â”â”â”â”â”â”â”â”â”â”â”â”â”â”â”â”â”â”â”â”â”â” 62.7/62.7 kB 277.4 MB/s eta 0:00:00[2024-04-10 06:07:12.949694] 
Downloading idna-3.6-py3-none-any.whl (61 kB)
   â”â”â”â”â”â”â”â”â”â”â”â”â”â”â”â”â”â”â”â”â”â”â”â”â”â”â”â”â”â”â”â”â”â”â”â”â”â”â”â” 61.6/61.6 kB 146.6 MB/s eta 0:00:00[2024-04-10 06:07:12.962223] 
Downloading Jinja2-3.1.3-py3-none-any.whl (133 kB)
   â”â”â”â”â”â”â”â”â”â”â”â”â”â”â”â”â”â”â”â”â”â”â”â”â”â”â”â”â”â”â”â”â”â”â”â”â”â”â” 133.2/133.2 kB 161.2 MB/s eta 0:00:00[2024-04-10 06:07:12.975828] 
Downloading jsonschema-4.21.1-py3-none-any.whl (85 kB)
   â”â”â”â”â”â”â”â”â”â”â”â”â”â”â”â”â”â”â”â”â”â”â”â”â”â”â”â”â”â”â”â”â”â”â”â”â”â”â”â” 85.5/85.5 kB 204.9 MB/s eta 0:00:00[2024-04-10 06:07:12.987712] 
Downloading pytz-2024.1-py2.py3-none-any.whl (505 kB)
   â”â”â”â”â”â”â”â”â”â”â”â”â”â”â”â”â”â”â”â”â”â”â”â”â”â”â”â”â”â”â”â”â”â”â”â”â”â”â” 505.5/505.5 kB 193.6 MB/s eta 0:00:00[2024-04-10 06:07:13.004055] 
Downloading six-1.16.0-py2.py3-none-any.whl (11 kB)
Downloading types_pytz-2024.1.0.20240203-py3-none-any.whl (5.1 kB)
Downloading tzdata-2024.1-py2.py3-none-any.whl (345 kB)
   â”â”â”â”â”â”â”â”â”â”â”â”â”â”â”â”â”â”â”â”â”â”â”â”â”â”â”â”â”â”â”â”â”â”â”â”â”â”â” 345.4/345.4 kB 175.7 MB/s eta 0:00:00[2024-04-10 06:07:13.037651] 
Downloading urllib3-2.2.1-py3-none-any.whl (121 kB)
   â”â”â”â”â”â”â”â”â”â”â”â”â”â”â”â”â”â”â”â”â”â”â”â”â”â”â”â”â”â”â”â”â”â”â”â”â”â”â” 121.1/121.1 kB 168.3 MB/s eta 0:00:00[2024-04-10 06:07:13.050558] 
Downloading et_xmlfile-1.1.0-py3-none-any.whl (4.7 kB)
Downloading toolz-0.12.1-py3-none-any.whl (56 kB)
   â”â”â”â”â”â”â”â”â”â”â”â”â”â”â”â”â”â”â”â”â”â”â”â”â”â”â”â”â”â”â”â”â”â”â”â”â”â”â”â” 56.1/56.1 kB 146.0 MB/s eta 0:00:00[2024-04-10 06:07:13.070760] 
Downloading jsonschema_specifications-2023.12.1-py3-none-any.whl (18 kB)
Downloading MarkupSafe-2.1.5-cp311-cp311-manylinux_2_17_x86_64.manylinux2014_x86_64.whl (28 kB)
Downloading referencing-0.34.0-py3-none-any.whl (26 kB)
Downloading rpds_py-0.18.0-cp311-cp311-manylinux_2_17_x86_64.manylinux2014_x86_64.whl (1.1 MB)
   â”â”â”â”â”â”â”â”â”â”â”â”â”â”â”â”â”â”â”â”â”â”â”â”â”â”â”â”â”â”â”â”â”â”â”â”â”â”â”â” 1.1/1.1 MB 257.6 MB/s eta 0:00:00[2024-04-10 06:07:13.118964] 
Downloading smmap-5.0.1-py3-none-any.whl (24 kB)
Building wheels for collected packages: openai
  Building wheel for openai (setup.py): started
  Building wheel for openai (setup.py): finished with status 'done'
  Created wheel for openai: filename=openai-0.10.1-py3-none-any.whl size=167518 sha256=ffaf1b2cff41078d72b8351269e15d1fcb0e69e376547f221268aa1a9cf77c39
  Stored in directory: /tmp/pip-ephem-wheel-cache-n1rj210c/wheels/89/52/cd/37c5cd04a1270090b92899290ec5d25ad3ec54d2c644199eeb
Successfully built openai
Installing collected packages: pytz, watchdog, validators, urllib3, tzlocal, tzdata, types-pytz, tqdm, tornado, toolz, toml, smmap, six, rpds-py, protobuf, pillow, packaging, numpy, MarkupSafe, idna, et-xmlfile, click, charset-normalizer, certifi, cachetools, blinker, base58, attrs, astor, requests, referencing, python-dateutil, pyarrow, pandas-stubs, openpyxl, jinja2, gitdb, pydeck, pandas, jsonschema-specifications, gitpython, openai, jsonschema, altair, streamlit
  Attempting uninstall: pytz
    Found existing installation: pytz 2024.1
    Uninstalling pytz-2024.1:
      Successfully uninstalled pytz-2024.1
  Attempting uninstall: watchdog
    Found existing installation: watchdog 4.0.0
    Uninstalling watchdog-4.0.0:
      Successfully uninstalled watchdog-4.0.0
  Attempting uninstall: validators
    Found existing installation: validators 0.28.0
    Uninstalling validators-0.28.0:
      Successfully uninstalled validators-0.28.0
  Attempting uninstall: urllib3
    Found existing installation: urllib3 2.2.1
    Uninstalling urllib3-2.2.1:
      Successfully uninstalled urllib3-2.2.1
  Attempting uninstall: tzlocal
    Found existing installation: tzlocal 5.2
    Uninstalling tzlocal-5.2:
      Successfully uninstalled tzlocal-5.2
  Attempting uninstall: tzdata
    Found existing installation: tzdata 2024.1
    Uninstalling tzdata-2024.1:
      Successfully uninstalled tzdata-2024.1
  Attempting uninstall: types-pytz
    Found existing installation: types-pytz 2024.1.0.20240203
    Uninstalling types-pytz-2024.1.0.20240203:
      Successfully uninstalled types-pytz-2024.1.0.20240203
  Attempting uninstall: tqdm
    Found existing installation: tqdm 4.66.2
    Uninstalling tqdm-4.66.2:
      Successfully uninstalled tqdm-4.66.2
  Attempting uninstall: tornado
    Found existing installation: tornado 6.4
    Uninstalling tornado-6.4:
      Successfully uninstalled tornado-6.4
  Attempting uninstall: toolz
    Found existing installation: toolz 0.12.1
    Uninstalling toolz-0.12.1:
      Successfully uninstalled toolz-0.12.1
  Attempting uninstall: toml
    Found existing installation: toml 0.10.2
    Uninstalling toml-0.10.2:
      Successfully uninstalled toml-0.10.2
  Attempting uninstall: smmap
    Found existing installation: smmap 5.0.1
    Uninstalling smmap-5.0.1:
      Successfully uninstalled smmap-5.0.1
  Attempting uninstall: six
    Found existing installation: six 1.16.0
    Uninstalling six-1.16.0:
      Successfully uninstalled six-1.16.0
  Attempting uninstall: rpds-py
    Found existing installation: rpds-py 0.18.0
    Uninstalling rpds-py-0.18.0:
      Successfully uninstalled rpds-py-0.18.0
  Attempting uninstall: protobuf
    Found existing installation: protobuf 3.20.3
    Uninstalling protobuf-3.20.3:
      Successfully uninstalled protobuf-3.20.3
  Attempting uninstall: pillow
    Found existing installation: pillow 10.3.0
    Uninstalling pillow-10.3.0:
      Successfully uninstalled pillow-10.3.0
  Attempting uninstall: packaging
    Found existing installation: packaging 24.0
    Uninstalling packaging-24.0:
      Successfully uninstalled packaging-24.0
  Attempting uninstall: numpy
    Found existing installation: numpy 1.26.4
    Uninstalling numpy-1.26.4:
      Successfully uninstalled numpy-1.26.4
  Attempting uninstall: MarkupSafe
    Found existing installation: MarkupSafe 2.1.5
    Uninstalling MarkupSafe-2.1.5:
      Successfully uninstalled MarkupSafe-2.1.5
  Attempting uninstall: idna
    Found existing installation: idna 3.6
    Uninstalling idna-3.6:
      Successfully uninstalled idna-3.6
  Attempting uninstall: et-xmlfile
    Found existing installation: et-xmlfile 1.1.0
    Uninstalling et-xmlfile-1.1.0:
      Successfully uninstalled et-xmlfile-1.1.0
  Attempting uninstall: click
    Found existing installation: click 8.0.0
    Uninstalling click-8.0.0:
      Successfully uninstalled click-8.0.0
  Attempting uninstall: charset-normalizer
    Found existing installation: charset-normalizer 3.3.2
    Uninstalling charset-normalizer-3.3.2:
      Successfully uninstalled charset-normalizer-3.3.2
  Attempting uninstall: certifi
    Found existing installation: certifi 2024.2.2
    Uninstalling certifi-2024.2.2:
      Successfully uninstalled certifi-2024.2.2
  Attempting uninstall: cachetools
    Found existing installation: cachetools 5.3.3
    Uninstalling cachetools-5.3.3:
      Successfully uninstalled cachetools-5.3.3
  Attempting uninstall: blinker
    Found existing installation: blinker 1.7.0
    Uninstalling blinker-1.7.0:
      Successfully uninstalled blinker-1.7.0
  Attempting uninstall: base58
    Found existing installation: base58 2.1.1
    Uninstalling base58-2.1.1:
      Successfully uninstalled base58-2.1.1
  Attempting uninstall: attrs
    Found existing installation: attrs 23.2.0
    Uninstalling attrs-23.2.0:
      Successfully uninstalled attrs-23.2.0
  Attempting uninstall: astor
    Found existing installation: astor 0.8.1
    Uninstalling astor-0.8.1:
      Successfully uninstalled astor-0.8.1
  Attempting uninstall: requests
    Found existing installation: requests 2.31.0
    Uninstalling requests-2.31.0:
      Successfully uninstalled requests-2.31.0
  Attempting uninstall: referencing
    Found existing installation: referencing 0.34.0
    Uninstalling referencing-0.34.0:
      Successfully uninstalled referencing-0.34.0
  Attempting uninstall: python-dateutil
    Found existing installation: python-dateutil 2.9.0.post0
    Uninstalling python-dateutil-2.9.0.post0:
      Successfully uninstalled python-dateutil-2.9.0.post0
  Attempting uninstall: pyarrow
    Found existing installation: pyarrow 15.0.2
    Uninstalling pyarrow-15.0.2:
      Successfully uninstalled pyarrow-15.0.2
  Attempting uninstall: pandas-stubs
    Found existing installation: pandas-stubs 2.2.1.240316
    Uninstalling pandas-stubs-2.2.1.240316:
      Successfully uninstalled pandas-stubs-2.2.1.240316
  Attempting uninstall: openpyxl
    Found existing installation: openpyxl 3.1.2
    Uninstalling openpyxl-3.1.2:
      Successfully uninstalled openpyxl-3.1.2
  Attempting uninstall: jinja2
    Found existing installation: Jinja2 3.1.3
    Uninstalling Jinja2-3.1.3:
      Successfully uninstalled Jinja2-3.1.3
  Attempting uninstall: gitdb
    Found existing installation: gitdb 4.0.11
    Uninstalling gitdb-4.0.11:
      Successfully uninstalled gitdb-4.0.11
  Attempting uninstall: pydeck
    Found existing installation: pydeck 0.8.1b0
    Uninstalling pydeck-0.8.1b0:
      Successfully uninstalled pydeck-0.8.1b0
  Attempting uninstall: pandas
    Found existing installation: pandas 2.2.1
    Uninstalling pandas-2.2.1:
      Successfully uninstalled pandas-2.2.1
  Attempting uninstall: jsonschema-specifications
    Found existing installation: jsonschema-specifications 2023.12.1
    Uninstalling jsonschema-specifications-2023.12.1:
      Successfully uninstalled jsonschema-specifications-2023.12.1
  Attempting uninstall: gitpython
    Found existing installation: GitPython 3.1.43
    Uninstalling GitPython-3.1.43:
      Successfully uninstalled GitPython-3.1.43
  Attempting uninstall: openai
    Found existing installation: openai 0.10.1
    Uninstalling openai-0.10.1:
      Successfully uninstalled openai-0.10.1
  Attempting uninstall: jsonschema
    Found existing installation: jsonschema 4.21.1
    Uninstalling jsonschema-4.21.1:
      Successfully uninstalled jsonschema-4.21.1
  Attempting uninstall: altair
    Found existing installation: altair 4.2.2
    Uninstalling altair-4.2.2:
      Successfully uninstalled altair-4.2.2
  Attempting uninstall: streamlit
    Found existing installation: streamlit 0.85.0
    Uninstalling streamlit-0.85.0:
      Successfully uninstalled streamlit-0.85.0
Successfully installed MarkupSafe-2.1.5 altair-5.3.0 astor-0.8.1 attrs-23.2.0 base58-2.1.1 blinker-1.7.0 cachetools-5.3.3 certifi-2024.2.2 charset-normalizer-3.3.2 click-7.1.2 et-xmlfile-1.1.0 gitdb-4.0.11 gitpython-3.1.43 idna-3.6 jinja2-3.1.3 jsonschema-4.21.1 jsonschema-specifications-2023.12.1 numpy-1.26.4 openai-0.10.1 openpyxl-3.1.2 packaging-24.0 pandas-2.2.1 pandas-stubs-2.2.1.240316 pillow-10.3.0 protobuf-5.26.1 pyarrow-15.0.2 pydeck-0.8.1b0 python-dateutil-2.9.0.post0 pytz-2024.1 referencing-0.34.0 requests-2.31.0 rpds-py-0.18.0 six-1.16.0 smmap-5.0.1 streamlit-0.85.0 toml-0.10.2 toolz-0.12.1 tornado-6.4 tqdm-4.66.2 types-pytz-2024.1.0.20240203 tzdata-2024.1 tzlocal-5.2 urllib3-2.2.1 validators-0.28.0 watchdog-4.0.0
Checking if Streamlit is installed
Traceback (most recent call last):
  File "/home/adminuser/venv/bin/streamlit", line 5, in <module>
    from streamlit.cli import main
  File "/home/adminuser/venv/lib/python3.11/site-packages/streamlit/__init__.py", line 49, in <module>
    from streamlit.proto.RootContainer_pb2 import RootContainer
  File "/home/adminuser/venv/lib/python3.11/site-packages/streamlit/proto/RootContainer_pb2.py", line 33, in <module>
    _descriptor.EnumValueDescriptor(
  File "/home/adminuser/venv/lib/python3.11/site-packages/google/protobuf/descriptor.py", line 914, in __new__
    _message.Message._CheckCalledFromGeneratedFile()
TypeError: Descriptors cannot be created directly.
If this call came from a _pb2.py file, your generated code is out of date and must be regenerated with protoc >= 3.19.0.
If you cannot immediately regenerate your protos, some other possible workarounds are:
 1. Downgrade the protobuf package to 3.20.x or lower.
 2. Set PROTOCOL_BUFFERS_PYTHON_IMPLEMENTATION=python (but this will use pure-Python parsing and will be much slower).

More information: https://developers.google.com/protocol-buffers/docs/news/2022-05-06#python-updates
Found Streamlit version  in the environment
Streamlit  is present which requires version 8.0.0 of the click library. Installing click 8.0.0
Using standard pip install.
Collecting click==8
  Downloading click-8.0.0-py3-none-any.whl.metadata (3.2 kB)
Downloading click-8.0.0-py3-none-any.whl (96 kB)
   â”â”â”â”â”â”â”â”â”â”â”â”â”â”â”â”â”â”â”â”â”â”â”â”â”â”â”â”â”â”â”â”â”â”â”â”â”â”â”â” 96.9/96.9 kB 5.7 MB/s eta 0:00:00[2024-04-10 06:07:33.899900] 
Installing collected packages: click
  Attempting uninstall: click
    Found existing installation: click 7.1.2
    Uninstalling click-7.1.2:
      Successfully uninstalled click-7.1.2
ERROR: pip's dependency resolver does not currently take into account all the packages that are installed. This behaviour is the source of the following dependency conflicts.
streamlit 0.85.0 requires click<8.0,>=7.0, but you have click 8.0.0 which is incompatible.
Successfully installed click-8.0.0
Streamlit  is present which requires a version of protobuf<4. Installing a compatible version of protobuf
Using standard pip install.
Collecting protobuf<4,>=3.20
  Downloading protobuf-3.20.3-py2.py3-none-any.whl.metadata (720 bytes)
Downloading protobuf-3.20.3-py2.py3-none-any.whl (162 kB)
   â”â”â”â”â”â”â”â”â”â”â”â”â”â”â”â”â”â”â”â”â”â”â”â”â”â”â”â”â”â”â”â”â”â”â”â”â”â”â”â” 162.1/162.1 kB 8.1 MB/s eta 0:00:00[2024-04-10 06:07:35.470499] 
Installing collected packages: protobuf
  Attempting uninstall: protobuf
    Found existing installation: protobuf 5.26.1
    Uninstalling protobuf-5.26.1:
      Successfully uninstalled protobuf-5.26.1
ERROR: pip's dependency resolver does not currently take into account all the packages that are installed. This behaviour is the source of the following dependency conflicts.
streamlit 0.85.0 requires click<8.0,>=7.0, but you have click 8.0.0 which is incompatible.
Successfully installed protobuf-3.20.3
Streamlit  is present which is incompatible with altair>=5.0.0. Installing altair 4.*
Using standard pip install.
Collecting altair<5
  Downloading altair-4.2.2-py3-none-any.whl.metadata (13 kB)
Collecting entrypoints (from altair<5)
  Downloading entrypoints-0.4-py3-none-any.whl.metadata (2.6 kB)
Collecting jinja2 (from altair<5)
  Downloading Jinja2-3.1.3-py3-none-any.whl.metadata (3.3 kB)
Collecting jsonschema>=3.0 (from altair<5)
  Downloading jsonschema-4.21.1-py3-none-any.whl.metadata (7.8 kB)
Collecting numpy (from altair<5)
  Downloading numpy-1.26.4-cp311-cp311-manylinux_2_17_x86_64.manylinux2014_x86_64.whl.metadata (61 kB)
     â”â”â”â”â”â”â”â”â”â”â”â”â”â”â”â”â”â”â”â”â”â”â”â”â”â”â”â”â”â”â”â”â”â”â”â”â”â”â”â” 61.0/61.0 kB 6.8 MB/s eta 0:00:00[2024-04-10 06:07:37.361425] 
Collecting pandas>=0.18 (from altair<5)
  Downloading pandas-2.2.1-cp311-cp311-manylinux_2_17_x86_64.manylinux2014_x86_64.whl.metadata (19 kB)
Collecting toolz (from altair<5)
  Downloading toolz-0.12.1-py3-none-any.whl.metadata (5.1 kB)
Collecting attrs>=22.2.0 (from jsonschema>=3.0->altair<5)
  Downloading attrs-23.2.0-py3-none-any.whl.metadata (9.5 kB)
Collecting jsonschema-specifications>=2023.03.6 (from jsonschema>=3.0->altair<5)
  Downloading jsonschema_specifications-2023.12.1-py3-none-any.whl.metadata (3.0 kB)
Collecting referencing>=0.28.4 (from jsonschema>=3.0->altair<5)
  Downloading referencing-0.34.0-py3-none-any.whl.metadata (2.8 kB)
Collecting rpds-py>=0.7.1 (from jsonschema>=3.0->altair<5)
  Downloading rpds_py-0.18.0-cp311-cp311-manylinux_2_17_x86_64.manylinux2014_x86_64.whl.metadata (4.1 kB)
Collecting python-dateutil>=2.8.2 (from pandas>=0.18->altair<5)
  Downloading python_dateutil-2.9.0.post0-py2.py3-none-any.whl.metadata (8.4 kB)
Collecting pytz>=2020.1 (from pandas>=0.18->altair<5)
  Downloading pytz-2024.1-py2.py3-none-any.whl.metadata (22 kB)
Collecting tzdata>=2022.7 (from pandas>=0.18->altair<5)
  Downloading tzdata-2024.1-py2.py3-none-any.whl.metadata (1.4 kB)
Collecting MarkupSafe>=2.0 (from jinja2->altair<5)
  Downloading MarkupSafe-2.1.5-cp311-cp311-manylinux_2_17_x86_64.manylinux2014_x86_64.whl.metadata (3.0 kB)
Collecting six>=1.5 (from python-dateutil>=2.8.2->pandas>=0.18->altair<5)
  Downloading six-1.16.0-py2.py3-none-any.whl.metadata (1.8 kB)
Downloading altair-4.2.2-py3-none-any.whl (813 kB)
   â”â”â”â”â”â”â”â”â”â”â”â”â”â”â”â”â”â”â”â”â”â”â”â”â”â”â”â”â”â”â”â”â”â”â”â”â”â”â”â” 813.6/813.6 kB 42.9 MB/s eta 0:00:00
Downloading jsonschema-4.21.1-py3-none-any.whl (85 kB)
   â”â”â”â”â”â”â”â”â”â”â”â”â”â”â”â”â”â”â”â”â”â”â”â”â”â”â”â”â”â”â”â”â”â”â”â”â”â”â”â” 85.5/85.5 kB 176.9 MB/s eta 0:00:00[2024-04-10 06:07:38.700704] 
Downloading pandas-2.2.1-cp311-cp311-manylinux_2_17_x86_64.manylinux2014_x86_64.whl (13.0 MB)
   â”â”â”â”â”â”â”â”â”â”â”â”â”â”â”â”â”â”â”â”â”â”â”â”â”â”â”â”â”â”â”â”â”â”â”â”â”â”â”â” 13.0/13.0 MB 91.8 MB/s eta 0:00:00[2024-04-10 06:07:38.840371] 
Downloading numpy-1.26.4-cp311-cp311-manylinux_2_17_x86_64.manylinux2014_x86_64.whl (18.3 MB)
   â”â”â”â”â”â”â”â”â”â”â”â”â”â”â”â”â”â”â”â”â”â”â”â”â”â”â”â”â”â”â”â”â”â”â”â”â”â”â”â” 18.3/18.3 MB 142.3 MB/s eta 0:00:00
Downloading entrypoints-0.4-py3-none-any.whl (5.3 kB)
Downloading Jinja2-3.1.3-py3-none-any.whl (133 kB)
   â”â”â”â”â”â”â”â”â”â”â”â”â”â”â”â”â”â”â”â”â”â”â”â”â”â”â”â”â”â”â”â”â”â”â”â”â”â”â” 133.2/133.2 kB 100.3 MB/s eta 0:00:00[2024-04-10 06:07:39.002105] 
Downloading toolz-0.12.1-py3-none-any.whl (56 kB)
   â”â”â”â”â”â”â”â”â”â”â”â”â”â”â”â”â”â”â”â”â”â”â”â”â”â”â”â”â”â”â”â”â”â”â”â”â”â”â”â” 56.1/56.1 kB 149.0 MB/s eta 0:00:00
Downloading attrs-23.2.0-py3-none-any.whl (60 kB)
   â”â”â”â”â”â”â”â”â”â”â”â”â”â”â”â”â”â”â”â”â”â”â”â”â”â”â”â”â”â”â”â”â”â”â”â”â”â”â”â” 60.8/60.8 kB 247.9 MB/s eta 0:00:00
Downloading jsonschema_specifications-2023.12.1-py3-none-any.whl (18 kB)
Downloading MarkupSafe-2.1.5-cp311-cp311-manylinux_2_17_x86_64.manylinux2014_x86_64.whl (28 kB)
Downloading python_dateutil-2.9.0.post0-py2.py3-none-any.whl (229 kB)
   â”â”â”â”â”â”â”â”â”â”â”â”â”â”â”â”â”â”â”â”â”â”â”â”â”â”â”â”â”â”â”â”â”â”â”â”â”â”â” 229.9/229.9 kB 196.3 MB/s eta 0:00:00
Downloading pytz-2024.1-py2.py3-none-any.whl (505 kB)
   â”â”â”â”â”â”â”â”â”â”â”â”â”â”â”â”â”â”â”â”â”â”â”â”â”â”â”â”â”â”â”â”â”â”â”â”â”â”â” 505.5/505.5 kB 197.6 MB/s eta 0:00:00[2024-04-10 06:07:39.080474] 
Downloading referencing-0.34.0-py3-none-any.whl (26 kB)
Downloading rpds_py-0.18.0-cp311-cp311-manylinux_2_17_x86_64.manylinux2014_x86_64.whl (1.1 MB)
   â”â”â”â”â”â”â”â”â”â”â”â”â”â”â”â”â”â”â”â”â”â”â”â”â”â”â”â”â”â”â”â”â”â”â”â”â”â”â”â” 1.1/1.1 MB 191.8 MB/s eta 0:00:00[2024-04-10 06:07:39.109958] 
Downloading tzdata-2024.1-py2.py3-none-any.whl (345 kB)
   â”â”â”â”â”â”â”â”â”â”â”â”â”â”â”â”â”â”â”â”â”â”â”â”â”â”â”â”â”â”â”â”â”â”â”â”â”â”â” 345.4/345.4 kB 181.4 MB/s eta 0:00:00[2024-04-10 06:07:39.125579] 
Downloading six-1.16.0-py2.py3-none-any.whl (11 kB)
Installing collected packages: pytz, tzdata, toolz, six, rpds-py, numpy, MarkupSafe, entrypoints, attrs, referencing, python-dateutil, jinja2, pandas, jsonschema-specifications, jsonschema, altair
  Attempting uninstall: pytz
    Found existing installation: pytz 2024.1
    Uninstalling pytz-2024.1:
      Successfully uninstalled pytz-2024.1
  Attempting uninstall: tzdata
    Found existing installation: tzdata 2024.1
    Uninstalling tzdata-2024.1:
      Successfully uninstalled tzdata-2024.1
  Attempting uninstall: toolz
    Found existing installation: toolz 0.12.1
    Uninstalling toolz-0.12.1:
      Successfully uninstalled toolz-0.12.1
  Attempting uninstall: six
    Found existing installation: six 1.16.0
    Uninstalling six-1.16.0:
      Successfully uninstalled six-1.16.0
  Attempting uninstall: rpds-py
    Found existing installation: rpds-py 0.18.0
    Uninstalling rpds-py-0.18.0:
      Successfully uninstalled rpds-py-0.18.0
  Attempting uninstall: numpy
    Found existing installation: numpy 1.26.4
    Uninstalling numpy-1.26.4:
      Successfully uninstalled numpy-1.26.4
  Attempting uninstall: MarkupSafe
    Found existing installation: MarkupSafe 2.1.5
    Uninstalling MarkupSafe-2.1.5:
      Successfully uninstalled MarkupSafe-2.1.5
  Attempting uninstall: entrypoints
    Found existing installation: entrypoints 0.4
    Uninstalling entrypoints-0.4:
      Successfully uninstalled entrypoints-0.4
  Attempting uninstall: attrs
    Found existing installation: attrs 23.2.0
    Uninstalling attrs-23.2.0:
      Successfully uninstalled attrs-23.2.0
  Attempting uninstall: referencing
    Found existing installation: referencing 0.34.0
    Uninstalling referencing-0.34.0:
      Successfully uninstalled referencing-0.34.0
  Attempting uninstall: python-dateutil
    Found existing installation: python-dateutil 2.9.0.post0
    Uninstalling python-dateutil-2.9.0.post0:
      Successfully uninstalled python-dateutil-2.9.0.post0
  Attempting uninstall: jinja2
    Found existing installation: Jinja2 3.1.3
    Uninstalling Jinja2-3.1.3:
      Successfully uninstalled Jinja2-3.1.3
  Attempting uninstall: pandas
    Found existing installation: pandas 2.2.1
    Uninstalling pandas-2.2.1:
      Successfully uninstalled pandas-2.2.1
  Attempting uninstall: jsonschema-specifications
    Found existing installation: jsonschema-specifications 2023.12.1
    Uninstalling jsonschema-specifications-2023.12.1:
      Successfully uninstalled jsonschema-specifications-2023.12.1
  Attempting uninstall: jsonschema
    Found existing installation: jsonschema 4.21.1
    Uninstalling jsonschema-4.21.1:
      Successfully uninstalled jsonschema-4.21.1
  Attempting uninstall: altair
    Found existing installation: altair 5.3.0
    Uninstalling altair-5.3.0:
      Successfully uninstalled altair-5.3.0
ERROR: pip's dependency resolver does not currently take into account all the packages that are installed. This behaviour is the source of the following dependency conflicts.
streamlit 0.85.0 requires click<8.0,>=7.0, but you have click 8.0.0 which is incompatible.
Successfully installed MarkupSafe-2.1.5 altair-4.2.2 attrs-23.2.0 entrypoints-0.4 jinja2-3.1.3 jsonschema-4.21.1 jsonschema-specifications-2023.12.1 numpy-1.26.4 pandas-2.2.1 python-dateutil-2.9.0.post0 pytz-2024.1 referencing-0.34.0 rpds-py-0.18.0 six-1.16.0 toolz-0.12.1 tzdata-2024.1

â”€â”€â”€â”€â”€â”€â”€â”€â”€â”€â”€â”€â”€â”€â”€â”€â”€â”€â”€â”€â”€â”€â”€â”€â”€â”€â”€â”€â”€â”€â”€â”€â”€â”€â”€â”€â”€â”€â”€â”€â”€â”€â”€â”€â”€â”€â”€â”€â”€â”€â”€â”€â”€â”€â”€â”€â”€â”€â”€â”€â”€â”€â”€â”€â”€â”€â”€â”€â”€â”€â”€â”€â”€â”€â”€â”€â”€â”€â”€â”€â”€â”€â”€â”€â”€â”€â”€â”€

[06:07:51] ğŸ Python dependencies were installed from /mount/src/emailgenerator/requirements.txt using pip.
[06:07:51] ğŸ“¦ Processed dependencies!
Traceback (most recent call last):
  File "/home/adminuser/venv/bin/streamlit", line 5, in <module>
    from streamlit.cli import main
  File "/home/adminuser/venv/lib/python3.11/site-packages/streamlit/__init__.py", line 76, in <module>
    from streamlit.delta_generator import DeltaGenerator as _DeltaGenerator
  File "/home/adminuser/venv/lib/python3.11/site-packages/streamlit/delta_generator.py", line 69, in <module>
    from streamlit.elements.arrow import ArrowMixin
  File "/home/adminuser/venv/lib/python3.11/site-packages/streamlit/elements/arrow.py", line 15, in <module>
    from collections import Iterable
ImportError: cannot import name 'Iterable' from 'collections' (/usr/local/lib/python3.11/collections/__init__.py)
[06:07:54] ğŸ”„ Updated app!
[06:08:45] ğŸ™ Pulling code changes from Github...
[06:08:46] ğŸ“¦ Processing dependencies...
[06:08:46] ğŸ“¦ Processed dependencies!
[06:08:48] ğŸ”„ Updated app!
[15:01:18] ğŸš€ Starting up repository: 'emailgenerator', branch: 'main', main module: 'emailapp.py'
[15:01:18] ğŸ™ Cloning repository...
[15:01:19] ğŸ™ Cloning into '/mount/src/emailgenerator'...
Warning: Permanently added the ED25519 host key for IP address '140.82.113.4' to the list of known hosts.

[15:01:19] ğŸ™ Cloned repository!
[15:01:19] ğŸ™ Pulling code changes from Github...
[15:01:20] ğŸ“¦ Processing dependencies...

â”€â”€â”€â”€â”€â”€â”€â”€â”€â”€â”€â”€â”€â”€â”€â”€â”€â”€â”€â”€â”€â”€â”€â”€â”€â”€â”€â”€â”€â”€â”€â”€â”€â”€â”€â”€â”€â”€â”€â”€ pip â”€â”€â”€â”€â”€â”€â”€â”€â”€â”€â”€â”€â”€â”€â”€â”€â”€â”€â”€â”€â”€â”€â”€â”€â”€â”€â”€â”€â”€â”€â”€â”€â”€â”€â”€â”€â”€â”€â”€â”€â”€â”€â”€

Using standard pip install.
Collecting openai==0.10.1 (from -r /mount/src/emailgenerator/requirements.txt (line 1))
  Downloading openai-0.10.1.tar.gz (155 kB)
     â”â”â”â”â”â”â”â”â”â”â”â”â”â”â”â”â”â”â”â”â”â”â”â”â”â”â”â”â”â”â”â”â”â”â”â”â”â”â” 156.0/156.0 kB 9.0 MB/s eta 0:00:00[2024-04-10 15:01:21.194984] 
  Preparing metadata (setup.py): started
  Preparing metadata (setup.py): finished with status 'done'
Collecting streamlit==0.85.0 (from -r /mount/src/emailgenerator/requirements.txt (line 2))
  Downloading streamlit-0.85.0-py2.py3-none-any.whl.metadata (1.1 kB)
Collecting requests>=2.20 (from openai==0.10.1->-r /mount/src/emailgenerator/requirements.txt (line 1))
  Downloading requests-2.31.0-py3-none-any.whl.metadata (4.6 kB)
Collecting tqdm (from openai==0.10.1->-r /mount/src/emailgenerator/requirements.txt (line 1))
  Downloading tqdm-4.66.2-py3-none-any.whl.metadata (57 kB)
     â”â”â”â”â”â”â”â”â”â”â”â”â”â”â”â”â”â”â”â”â”â”â”â”â”â”â”â”â”â”â”â”â”â”â”â”â”â”â” 57.6/57.6 kB 193.2 MB/s eta 0:00:00[2024-04-10 15:01:21.765177] 
Collecting pandas>=1.2.3 (from openai==0.10.1->-r /mount/src/emailgenerator/requirements.txt (line 1))
  Downloading pandas-2.2.1-cp311-cp311-manylinux_2_17_x86_64.manylinux2014_x86_64.whl.metadata (19 kB)
Collecting pandas-stubs>=1.1.0.11 (from openai==0.10.1->-r /mount/src/emailgenerator/requirements.txt (line 1))
  Downloading pandas_stubs-2.2.1.240316-py3-none-any.whl.metadata (9.5 kB)
Collecting openpyxl>=3.0.7 (from openai==0.10.1->-r /mount/src/emailgenerator/requirements.txt (line 1))
  Downloading openpyxl-3.1.2-py2.py3-none-any.whl.metadata (2.5 kB)
Collecting altair>=3.2.0 (from streamlit==0.85.0->-r /mount/src/emailgenerator/requirements.txt (line 2))
  Downloading altair-5.3.0-py3-none-any.whl.metadata (9.2 kB)
Collecting astor (from streamlit==0.85.0->-r /mount/src/emailgenerator/requirements.txt (line 2))
  Downloading astor-0.8.1-py2.py3-none-any.whl.metadata (4.2 kB)
Collecting attrs (from streamlit==0.85.0->-r /mount/src/emailgenerator/requirements.txt (line 2))
  Downloading attrs-23.2.0-py3-none-any.whl.metadata (9.5 kB)
Collecting base58 (from streamlit==0.85.0->-r /mount/src/emailgenerator/requirements.txt (line 2))
  Downloading base58-2.1.1-py3-none-any.whl.metadata (3.1 kB)
Collecting blinker (from streamlit==0.85.0->-r /mount/src/emailgenerator/requirements.txt (line 2))
  Downloading blinker-1.7.0-py3-none-any.whl.metadata (1.9 kB)
Collecting cachetools>=4.0 (from streamlit==0.85.0->-r /mount/src/emailgenerator/requirements.txt (line 2))
  Downloading cachetools-5.3.3-py3-none-any.whl.metadata (5.3 kB)
Collecting click<8.0,>=7.0 (from streamlit==0.85.0->-r /mount/src/emailgenerator/requirements.txt (line 2))
  Downloading click-7.1.2-py2.py3-none-any.whl.metadata (2.9 kB)
Collecting numpy (from streamlit==0.85.0->-r /mount/src/emailgenerator/requirements.txt (line 2))
  Downloading numpy-1.26.4-cp311-cp311-manylinux_2_17_x86_64.manylinux2014_x86_64.whl.metadata (61 kB)
     â”â”â”â”â”â”â”â”â”â”â”â”â”â”â”â”â”â”â”â”â”â”â”â”â”â”â”â”â”â”â”â”â”â”â”â”â”â”â” 61.0/61.0 kB 251.2 MB/s eta 0:00:00[2024-04-10 15:01:22.525491] 
Collecting packaging (from streamlit==0.85.0->-r /mount/src/emailgenerator/requirements.txt (line 2))
  Downloading packaging-24.0-py3-none-any.whl.metadata (3.2 kB)
Collecting pillow>=6.2.0 (from streamlit==0.85.0->-r /mount/src/emailgenerator/requirements.txt (line 2))
  Downloading pillow-10.3.0-cp311-cp311-manylinux_2_28_x86_64.whl.metadata (9.2 kB)
Collecting protobuf!=3.11,>=3.6.0 (from streamlit==0.85.0->-r /mount/src/emailgenerator/requirements.txt (line 2))
  Downloading protobuf-5.26.1-cp37-abi3-manylinux2014_x86_64.whl.metadata (592 bytes)
Collecting pyarrow (from streamlit==0.85.0->-r /mount/src/emailgenerator/requirements.txt (line 2))
  Downloading pyarrow-15.0.2-cp311-cp311-manylinux_2_28_x86_64.whl.metadata (3.0 kB)
Collecting pydeck>=0.1.dev5 (from streamlit==0.85.0->-r /mount/src/emailgenerator/requirements.txt (line 2))
  Downloading pydeck-0.8.1b0-py2.py3-none-any.whl.metadata (3.9 kB)
Collecting python-dateutil (from streamlit==0.85.0->-r /mount/src/emailgenerator/requirements.txt (line 2))
  Downloading python_dateutil-2.9.0.post0-py2.py3-none-any.whl.metadata (8.4 kB)
Collecting toml (from streamlit==0.85.0->-r /mount/src/emailgenerator/requirements.txt (line 2))
  Downloading toml-0.10.2-py2.py3-none-any.whl.metadata (7.1 kB)
Collecting tornado>=5.0 (from streamlit==0.85.0->-r /mount/src/emailgenerator/requirements.txt (line 2))
  Downloading tornado-6.4-cp38-abi3-manylinux_2_5_x86_64.manylinux1_x86_64.manylinux_2_17_x86_64.manylinux2014_x86_64.whl.metadata (2.5 kB)
Collecting tzlocal (from streamlit==0.85.0->-r /mount/src/emailgenerator/requirements.txt (line 2))
  Downloading tzlocal-5.2-py3-none-any.whl.metadata (7.8 kB)
Collecting validators (from streamlit==0.85.0->-r /mount/src/emailgenerator/requirements.txt (line 2))
  Downloading validators-0.28.0-py3-none-any.whl.metadata (3.6 kB)
Collecting gitpython (from streamlit==0.85.0->-r /mount/src/emailgenerator/requirements.txt (line 2))
  Downloading GitPython-3.1.43-py3-none-any.whl.metadata (13 kB)
Collecting watchdog (from streamlit==0.85.0->-r /mount/src/emailgenerator/requirements.txt (line 2))
  Downloading watchdog-4.0.0-py3-none-manylinux2014_x86_64.whl.metadata (37 kB)
Collecting jinja2 (from altair>=3.2.0->streamlit==0.85.0->-r /mount/src/emailgenerator/requirements.txt (line 2))
  Downloading Jinja2-3.1.3-py3-none-any.whl.metadata (3.3 kB)
Collecting jsonschema>=3.0 (from altair>=3.2.0->streamlit==0.85.0->-r /mount/src/emailgenerator/requirements.txt (line 2))
  Downloading jsonschema-4.21.1-py3-none-any.whl.metadata (7.8 kB)
Collecting toolz (from altair>=3.2.0->streamlit==0.85.0->-r /mount/src/emailgenerator/requirements.txt (line 2))
  Downloading toolz-0.12.1-py3-none-any.whl.metadata (5.1 kB)
Collecting et-xmlfile (from openpyxl>=3.0.7->openai==0.10.1->-r /mount/src/emailgenerator/requirements.txt (line 1))
  Downloading et_xmlfile-1.1.0-py3-none-any.whl.metadata (1.8 kB)
Collecting pytz>=2020.1 (from pandas>=1.2.3->openai==0.10.1->-r /mount/src/emailgenerator/requirements.txt (line 1))
  Downloading pytz-2024.1-py2.py3-none-any.whl.metadata (22 kB)
Collecting tzdata>=2022.7 (from pandas>=1.2.3->openai==0.10.1->-r /mount/src/emailgenerator/requirements.txt (line 1))
  Downloading tzdata-2024.1-py2.py3-none-any.whl.metadata (1.4 kB)
Collecting types-pytz>=2022.1.1 (from pandas-stubs>=1.1.0.11->openai==0.10.1->-r /mount/src/emailgenerator/requirements.txt (line 1))
  Downloading types_pytz-2024.1.0.20240203-py3-none-any.whl.metadata (1.5 kB)
Collecting six>=1.5 (from python-dateutil->streamlit==0.85.0->-r /mount/src/emailgenerator/requirements.txt (line 2))
  Downloading six-1.16.0-py2.py3-none-any.whl.metadata (1.8 kB)
Collecting charset-normalizer<4,>=2 (from requests>=2.20->openai==0.10.1->-r /mount/src/emailgenerator/requirements.txt (line 1))
  Downloading charset_normalizer-3.3.2-cp311-cp311-manylinux_2_17_x86_64.manylinux2014_x86_64.whl.metadata (33 kB)
Collecting idna<4,>=2.5 (from requests>=2.20->openai==0.10.1->-r /mount/src/emailgenerator/requirements.txt (line 1))
  Downloading idna-3.6-py3-none-any.whl.metadata (9.9 kB)
Collecting urllib3<3,>=1.21.1 (from requests>=2.20->openai==0.10.1->-r /mount/src/emailgenerator/requirements.txt (line 1))
  Downloading urllib3-2.2.1-py3-none-any.whl.metadata (6.4 kB)
Collecting certifi>=2017.4.17 (from requests>=2.20->openai==0.10.1->-r /mount/src/emailgenerator/requirements.txt (line 1))
  Downloading certifi-2024.2.2-py3-none-any.whl.metadata (2.2 kB)
Collecting gitdb<5,>=4.0.1 (from gitpython->streamlit==0.85.0->-r /mount/src/emailgenerator/requirements.txt (line 2))
  Downloading gitdb-4.0.11-py3-none-any.whl.metadata (1.2 kB)
Collecting smmap<6,>=3.0.1 (from gitdb<5,>=4.0.1->gitpython->streamlit==0.85.0->-r /mount/src/emailgenerator/requirements.txt (line 2))
  Downloading smmap-5.0.1-py3-none-any.whl.metadata (4.3 kB)
Collecting MarkupSafe>=2.0 (from jinja2->altair>=3.2.0->streamlit==0.85.0->-r /mount/src/emailgenerator/requirements.txt (line 2))
  Downloading MarkupSafe-2.1.5-cp311-cp311-manylinux_2_17_x86_64.manylinux2014_x86_64.whl.metadata (3.0 kB)
Collecting jsonschema-specifications>=2023.03.6 (from jsonschema>=3.0->altair>=3.2.0->streamlit==0.85.0->-r /mount/src/emailgenerator/requirements.txt (line 2))
  Downloading jsonschema_specifications-2023.12.1-py3-none-any.whl.metadata (3.0 kB)
Collecting referencing>=0.28.4 (from jsonschema>=3.0->altair>=3.2.0->streamlit==0.85.0->-r /mount/src/emailgenerator/requirements.txt (line 2))
  Downloading referencing-0.34.0-py3-none-any.whl.metadata (2.8 kB)
Collecting rpds-py>=0.7.1 (from jsonschema>=3.0->altair>=3.2.0->streamlit==0.85.0->-r /mount/src/emailgenerator/requirements.txt (line 2))
  Downloading rpds_py-0.18.0-cp311-cp311-manylinux_2_17_x86_64.manylinux2014_x86_64.whl.metadata (4.1 kB)
Downloading streamlit-0.85.0-py2.py3-none-any.whl (7.9 MB)
   â”â”â”â”â”â”â”â”â”â”â”â”â”â”â”â”â”â”â”â”â”â”â”â”â”â”â”â”â”â”â”â”â”â”â”â”â”â”â”â” 7.9/7.9 MB 159.3 MB/s eta 0:00:00[2024-04-10 15:01:25.460368] 
Downloading altair-5.3.0-py3-none-any.whl (857 kB)
   â”â”â”â”â”â”â”â”â”â”â”â”â”â”â”â”â”â”â”â”â”â”â”â”â”â”â”â”â”â”â”â”â”â”â”â”â”â”â” 857.8/857.8 kB 315.6 MB/s eta 0:00:00[2024-04-10 15:01:25.477035] 
Downloading cachetools-5.3.3-py3-none-any.whl (9.3 kB)
Downloading click-7.1.2-py2.py3-none-any.whl (82 kB)
   â”â”â”â”â”â”â”â”â”â”â”â”â”â”â”â”â”â”â”â”â”â”â”â”â”â”â”â”â”â”â”â”â”â”â”â”â”â”â”â” 82.8/82.8 kB 313.5 MB/s eta 0:00:00[2024-04-10 15:01:25.497080] 
Downloading openpyxl-3.1.2-py2.py3-none-any.whl (249 kB)
   â”â”â”â”â”â”â”â”â”â”â”â”â”â”â”â”â”â”â”â”â”â”â”â”â”â”â”â”â”â”â”â”â”â”â”â”â”â”â” 250.0/250.0 kB 257.8 MB/s eta 0:00:00[2024-04-10 15:01:25.509251] 
Downloading pandas-2.2.1-cp311-cp311-manylinux_2_17_x86_64.manylinux2014_x86_64.whl (13.0 MB)
   â”â”â”â”â”â”â”â”â”â”â”â”â”â”â”â”â”â”â”â”â”â”â”â”â”â”â”â”â”â”â”â”â”â”â”â”â”â”â”â” 13.0/13.0 MB 192.7 MB/s eta 0:00:00[2024-04-10 15:01:25.587879] 
Downloading numpy-1.26.4-cp311-cp311-manylinux_2_17_x86_64.manylinux2014_x86_64.whl (18.3 MB)
   â”â”â”â”â”â”â”â”â”â”â”â”â”â”â”â”â”â”â”â”â”â”â”â”â”â”â”â”â”â”â”â”â”â”â”â”â”â”â”â” 18.3/18.3 MB 302.6 MB/s eta 0:00:00[2024-04-10 15:01:25.659287] 
Downloading pandas_stubs-2.2.1.240316-py3-none-any.whl (156 kB)
   â”â”â”â”â”â”â”â”â”â”â”â”â”â”â”â”â”â”â”â”â”â”â”â”â”â”â”â”â”â”â”â”â”â”â”â”â”â”â” 156.9/156.9 kB 301.1 MB/s eta 0:00:00[2024-04-10 15:01:25.672628] 
Downloading pillow-10.3.0-cp311-cp311-manylinux_2_28_x86_64.whl (4.5 MB)
   â”â”â”â”â”â”â”â”â”â”â”â”â”â”â”â”â”â”â”â”â”â”â”â”â”â”â”â”â”â”â”â”â”â”â”â”â”â”â”â” 4.5/4.5 MB 309.9 MB/s eta 0:00:00[2024-04-10 15:01:25.702533] 
Downloading protobuf-5.26.1-cp37-abi3-manylinux2014_x86_64.whl (302 kB)
   â”â”â”â”â”â”â”â”â”â”â”â”â”â”â”â”â”â”â”â”â”â”â”â”â”â”â”â”â”â”â”â”â”â”â”â”â”â”â” 302.8/302.8 kB 322.6 MB/s eta 0:00:00[2024-04-10 15:01:25.716395] 
Downloading pydeck-0.8.1b0-py2.py3-none-any.whl (4.8 MB)
   â”â”â”â”â”â”â”â”â”â”â”â”â”â”â”â”â”â”â”â”â”â”â”â”â”â”â”â”â”â”â”â”â”â”â”â”â”â”â”â” 4.8/4.8 MB 307.9 MB/s eta 0:00:00[2024-04-10 15:01:25.746188] 
Downloading python_dateutil-2.9.0.post0-py2.py3-none-any.whl (229 kB)
   â”â”â”â”â”â”â”â”â”â”â”â”â”â”â”â”â”â”â”â”â”â”â”â”â”â”â”â”â”â”â”â”â”â”â”â”â”â”â” 229.9/229.9 kB 278.7 MB/s eta 0:00:00[2024-04-10 15:01:25.758121] 
Downloading requests-2.31.0-py3-none-any.whl (62 kB)
   â”â”â”â”â”â”â”â”â”â”â”â”â”â”â”â”â”â”â”â”â”â”â”â”â”â”â”â”â”â”â”â”â”â”â”â”â”â”â”â” 62.6/62.6 kB 193.8 MB/s eta 0:00:00[2024-04-10 15:01:25.768728] 
Downloading tornado-6.4-cp38-abi3-manylinux_2_5_x86_64.manylinux1_x86_64.manylinux_2_17_x86_64.manylinux2014_x86_64.whl (435 kB)
   â”â”â”â”â”â”â”â”â”â”â”â”â”â”â”â”â”â”â”â”â”â”â”â”â”â”â”â”â”â”â”â”â”â”â”â”â”â”â” 435.4/435.4 kB 238.1 MB/s eta 0:00:00[2024-04-10 15:01:25.780810] 
Downloading astor-0.8.1-py2.py3-none-any.whl (27 kB)
Downloading attrs-23.2.0-py3-none-any.whl (60 kB)
   â”â”â”â”â”â”â”â”â”â”â”â”â”â”â”â”â”â”â”â”â”â”â”â”â”â”â”â”â”â”â”â”â”â”â”â”â”â”â”â” 60.8/60.8 kB 275.8 MB/s eta 0:00:00[2024-04-10 15:01:25.800122] 
Downloading base58-2.1.1-py3-none-any.whl (5.6 kB)
Downloading blinker-1.7.0-py3-none-any.whl (13 kB)
Downloading GitPython-3.1.43-py3-none-any.whl (207 kB)
   â”â”â”â”â”â”â”â”â”â”â”â”â”â”â”â”â”â”â”â”â”â”â”â”â”â”â”â”â”â”â”â”â”â”â”â”â”â”â” 207.3/207.3 kB 356.6 MB/s eta 0:00:00[2024-04-10 15:01:25.828520] 
Downloading packaging-24.0-py3-none-any.whl (53 kB)
   â”â”â”â”â”â”â”â”â”â”â”â”â”â”â”â”â”â”â”â”â”â”â”â”â”â”â”â”â”â”â”â”â”â”â”â”â”â”â”â” 53.5/53.5 kB 269.5 MB/s eta 0:00:00[2024-04-10 15:01:25.839168] 
Downloading pyarrow-15.0.2-cp311-cp311-manylinux_2_28_x86_64.whl (38.3 MB)
   â”â”â”â”â”â”â”â”â”â”â”â”â”â”â”â”â”â”â”â”â”â”â”â”â”â”â”â”â”â”â”â”â”â”â”â”â”â”â”â” 38.3/38.3 MB 266.7 MB/s eta 0:00:00[2024-04-10 15:01:26.008660] 
Downloading toml-0.10.2-py2.py3-none-any.whl (16 kB)
Downloading tqdm-4.66.2-py3-none-any.whl (78 kB)
   â”â”â”â”â”â”â”â”â”â”â”â”â”â”â”â”â”â”â”â”â”â”â”â”â”â”â”â”â”â”â”â”â”â”â”â”â”â”â”â” 78.3/78.3 kB 145.0 MB/s eta 0:00:00[2024-04-10 15:01:26.030253] 
Downloading tzlocal-5.2-py3-none-any.whl (17 kB)
Downloading validators-0.28.0-py3-none-any.whl (39 kB)
Downloading watchdog-4.0.0-py3-none-manylinux2014_x86_64.whl (82 kB)
   â”â”â”â”â”â”â”â”â”â”â”â”â”â”â”â”â”â”â”â”â”â”â”â”â”â”â”â”â”â”â”â”â”â”â”â”â”â”â”â” 83.0/83.0 kB 120.3 MB/s eta 0:00:00[2024-04-10 15:01:26.062575] 
Downloading certifi-2024.2.2-py3-none-any.whl (163 kB)
   â”â”â”â”â”â”â”â”â”â”â”â”â”â”â”â”â”â”â”â”â”â”â”â”â”â”â”â”â”â”â”â”â”â”â”â”â”â”â” 163.8/163.8 kB 312.4 MB/s eta 0:00:00[2024-04-10 15:01:26.074612] 
Downloading charset_normalizer-3.3.2-cp311-cp311-manylinux_2_17_x86_64.manylinux2014_x86_64.whl (140 kB)
   â”â”â”â”â”â”â”â”â”â”â”â”â”â”â”â”â”â”â”â”â”â”â”â”â”â”â”â”â”â”â”â”â”â”â”â”â”â”â” 140.3/140.3 kB 334.4 MB/s eta 0:00:00[2024-04-10 15:01:26.086169] 
Downloading gitdb-4.0.11-py3-none-any.whl (62 kB)
   â”â”â”â”â”â”â”â”â”â”â”â”â”â”â”â”â”â”â”â”â”â”â”â”â”â”â”â”â”â”â”â”â”â”â”â”â”â”â”â” 62.7/62.7 kB 219.6 MB/s eta 0:00:00[2024-04-10 15:01:26.097840] 
Downloading idna-3.6-py3-none-any.whl (61 kB)
   â”â”â”â”â”â”â”â”â”â”â”â”â”â”â”â”â”â”â”â”â”â”â”â”â”â”â”â”â”â”â”â”â”â”â”â”â”â”â”â” 61.6/61.6 kB 171.2 MB/s eta 0:00:00[2024-04-10 15:01:26.109494] 
Downloading Jinja2-3.1.3-py3-none-any.whl (133 kB)
   â”â”â”â”â”â”â”â”â”â”â”â”â”â”â”â”â”â”â”â”â”â”â”â”â”â”â”â”â”â”â”â”â”â”â”â”â”â”â” 133.2/133.2 kB 226.7 MB/s eta 0:00:00[2024-04-10 15:01:26.121518] 
Downloading jsonschema-4.21.1-py3-none-any.whl (85 kB)
   â”â”â”â”â”â”â”â”â”â”â”â”â”â”â”â”â”â”â”â”â”â”â”â”â”â”â”â”â”â”â”â”â”â”â”â”â”â”â”â” 85.5/85.5 kB 231.7 MB/s eta 0:00:00[2024-04-10 15:01:26.132677] 
Downloading pytz-2024.1-py2.py3-none-any.whl (505 kB)
   â”â”â”â”â”â”â”â”â”â”â”â”â”â”â”â”â”â”â”â”â”â”â”â”â”â”â”â”â”â”â”â”â”â”â”â”â”â”â” 505.5/505.5 kB 332.5 MB/s eta 0:00:00[2024-04-10 15:01:26.145442] 
Downloading six-1.16.0-py2.py3-none-any.whl (11 kB)
Downloading types_pytz-2024.1.0.20240203-py3-none-any.whl (5.1 kB)
Downloading tzdata-2024.1-py2.py3-none-any.whl (345 kB)
   â”â”â”â”â”â”â”â”â”â”â”â”â”â”â”â”â”â”â”â”â”â”â”â”â”â”â”â”â”â”â”â”â”â”â”â”â”â”â” 345.4/345.4 kB 213.0 MB/s eta 0:00:00[2024-04-10 15:01:26.176659] 
Downloading urllib3-2.2.1-py3-none-any.whl (121 kB)
   â”â”â”â”â”â”â”â”â”â”â”â”â”â”â”â”â”â”â”â”â”â”â”â”â”â”â”â”â”â”â”â”â”â”â”â”â”â”â” 121.1/121.1 kB 264.2 MB/s eta 0:00:00[2024-04-10 15:01:26.188107] 
Downloading et_xmlfile-1.1.0-py3-none-any.whl (4.7 kB)
Downloading toolz-0.12.1-py3-none-any.whl (56 kB)
   â”â”â”â”â”â”â”â”â”â”â”â”â”â”â”â”â”â”â”â”â”â”â”â”â”â”â”â”â”â”â”â”â”â”â”â”â”â”â”â” 56.1/56.1 kB 168.1 MB/s eta 0:00:00[2024-04-10 15:01:26.207916] 
Downloading jsonschema_specifications-2023.12.1-py3-none-any.whl (18 kB)
Downloading MarkupSafe-2.1.5-cp311-cp311-manylinux_2_17_x86_64.manylinux2014_x86_64.whl (28 kB)
Downloading referencing-0.34.0-py3-none-any.whl (26 kB)
Downloading rpds_py-0.18.0-cp311-cp311-manylinux_2_17_x86_64.manylinux2014_x86_64.whl (1.1 MB)
   â”â”â”â”â”â”â”â”â”â”â”â”â”â”â”â”â”â”â”â”â”â”â”â”â”â”â”â”â”â”â”â”â”â”â”â”â”â”â”â” 1.1/1.1 MB 245.2 MB/s eta 0:00:00[2024-04-10 15:01:26.255906] 
Downloading smmap-5.0.1-py3-none-any.whl (24 kB)
Building wheels for collected packages: openai
  Building wheel for openai (setup.py): started
  Building wheel for openai (setup.py): finished with status 'done'
  Created wheel for openai: filename=openai-0.10.1-py3-none-any.whl size=167518 sha256=1ebe7e87dcece4e1b8cf5fa03c5b1885b8ea4a036a5ea7c47caef14db7662b99
  Stored in directory: /tmp/pip-ephem-wheel-cache-ywv56zj3/wheels/89/52/cd/37c5cd04a1270090b92899290ec5d25ad3ec54d2c644199eeb
Successfully built openai
Installing collected packages: pytz, watchdog, validators, urllib3, tzlocal, tzdata, types-pytz, tqdm, tornado, toolz, toml, smmap, six, rpds-py, protobuf, pillow, packaging, numpy, MarkupSafe, idna, et-xmlfile, click, charset-normalizer, certifi, cachetools, blinker, base58, attrs, astor, requests, referencing, python-dateutil, pyarrow, pandas-stubs, openpyxl, jinja2, gitdb, pydeck, pandas, jsonschema-specifications, gitpython, openai, jsonschema, altair, streamlit
Successfully installed MarkupSafe-2.1.5 altair-5.3.0 astor-0.8.1 attrs-23.2.0 base58-2.1.1 blinker-1.7.0 cachetools-5.3.3 certifi-2024.2.2 charset-normalizer-3.3.2 click-7.1.2 et-xmlfile-1.1.0 gitdb-4.0.11 gitpython-3.1.43 idna-3.6 jinja2-3.1.3 jsonschema-4.21.1 jsonschema-specifications-2023.12.1 numpy-1.26.4 openai-0.10.1 openpyxl-3.1.2 packaging-24.0 pandas-2.2.1 pandas-stubs-2.2.1.240316 pillow-10.3.0 protobuf-5.26.1 pyarrow-15.0.2 pydeck-0.8.1b0 python-dateutil-2.9.0.post0 pytz-2024.1 referencing-0.34.0 requests-2.31.0 rpds-py-0.18.0 six-1.16.0 smmap-5.0.1 streamlit-0.85.0 toml-0.10.2 toolz-0.12.1 tornado-6.4 tqdm-4.66.2 types-pytz-2024.1.0.20240203 tzdata-2024.1 tzlocal-5.2 urllib3-2.2.1 validators-0.28.0 watchdog-4.0.0
Checking if Streamlit is installed
Traceback (most recent call last):
  File "/home/adminuser/venv/bin/streamlit", line 5, in <module>
    from streamlit.cli import main
  File "/home/adminuser/venv/lib/python3.11/site-packages/streamlit/__init__.py", line 49, in <module>
    from streamlit.proto.RootContainer_pb2 import RootContainer
  File "/home/adminuser/venv/lib/python3.11/site-packages/streamlit/proto/RootContainer_pb2.py", line 33, in <module>
    _descriptor.EnumValueDescriptor(
  File "/home/adminuser/venv/lib/python3.11/site-packages/google/protobuf/descriptor.py", line 914, in __new__
    _message.Message._CheckCalledFromGeneratedFile()
TypeError: Descriptors cannot be created directly.
If this call came from a _pb2.py file, your generated code is out of date and must be regenerated with protoc >= 3.19.0.
If you cannot immediately regenerate your protos, some other possible workarounds are:
 1. Downgrade the protobuf package to 3.20.x or lower.
 2. Set PROTOCOL_BUFFERS_PYTHON_IMPLEMENTATION=python (but this will use pure-Python parsing and will be much slower).

More information: https://developers.google.com/protocol-buffers/docs/news/2022-05-06#python-updates
Found Streamlit version  in the environment
Streamlit  is present which requires version 8.0.0 of the click library. Installing click 8.0.0
Using standard pip install.
Collecting click==8
  Downloading click-8.0.0-py3-none-any.whl.metadata (3.2 kB)
Downloading click-8.0.0-py3-none-any.whl (96 kB)
   â”â”â”â”â”â”â”â”â”â”â”â”â”â”â”â”â”â”â”â”â”â”â”â”â”â”â”â”â”â”â”â”â”â”â”â”â”â”â”â” 96.9/96.9 kB 6.9 MB/s eta 0:00:00[2024-04-10 15:01:40.624572] 
Installing collected packages: click
  Attempting uninstall: click
    Found existing installation: click 7.1.2
    Uninstalling click-7.1.2:
      Successfully uninstalled click-7.1.2
ERROR: pip's dependency resolver does not currently take into account all the packages that are installed. This behaviour is the source of the following dependency conflicts.
streamlit 0.85.0 requires click<8.0,>=7.0, but you have click 8.0.0 which is incompatible.
Successfully installed click-8.0.0
Streamlit  is present which requires a version of protobuf<4. Installing a compatible version of protobuf
Using standard pip install.
Collecting protobuf<4,>=3.20
  Downloading protobuf-3.20.3-py2.py3-none-any.whl.metadata (720 bytes)
Downloading protobuf-3.20.3-py2.py3-none-any.whl (162 kB)
   â”â”â”â”â”â”â”â”â”â”â”â”â”â”â”â”â”â”â”â”â”â”â”â”â”â”â”â”â”â”â”â”â”â”â”â”â”â”â”â” 162.1/162.1 kB 9.9 MB/s eta 0:00:00[2024-04-10 15:01:41.883506] 
Installing collected packages: protobuf
  Attempting uninstall: protobuf
    Found existing installation: protobuf 5.26.1
    Uninstalling protobuf-5.26.1:
      Successfully uninstalled protobuf-5.26.1
ERROR: pip's dependency resolver does not currently take into account all the packages that are installed. This behaviour is the source of the following dependency conflicts.
streamlit 0.85.0 requires click<8.0,>=7.0, but you have click 8.0.0 which is incompatible.
Successfully installed protobuf-3.20.3
Streamlit  is present which is incompatible with altair>=5.0.0. Installing altair 4.*
Using standard pip install.
Collecting altair<5
  Downloading altair-4.2.2-py3-none-any.whl.metadata (13 kB)
Collecting entrypoints (from altair<5)
  Downloading entrypoints-0.4-py3-none-any.whl.metadata (2.6 kB)
Collecting jinja2 (from altair<5)
  Downloading Jinja2-3.1.3-py3-none-any.whl.metadata (3.3 kB)
Collecting jsonschema>=3.0 (from altair<5)
  Downloading jsonschema-4.21.1-py3-none-any.whl.metadata (7.8 kB)
Collecting numpy (from altair<5)
  Downloading numpy-1.26.4-cp311-cp311-manylinux_2_17_x86_64.manylinux2014_x86_64.whl.metadata (61 kB)
     â”â”â”â”â”â”â”â”â”â”â”â”â”â”â”â”â”â”â”â”â”â”â”â”â”â”â”â”â”â”â”â”â”â”â”â”â”â”â”â” 61.0/61.0 kB 6.4 MB/s eta 0:00:00[2024-04-10 15:01:43.336986] 
Collecting pandas>=0.18 (from altair<5)
  Downloading pandas-2.2.1-cp311-cp311-manylinux_2_17_x86_64.manylinux2014_x86_64.whl.metadata (19 kB)
Collecting toolz (from altair<5)
  Downloading toolz-0.12.1-py3-none-any.whl.metadata (5.1 kB)
Collecting attrs>=22.2.0 (from jsonschema>=3.0->altair<5)
  Downloading attrs-23.2.0-py3-none-any.whl.metadata (9.5 kB)
Collecting jsonschema-specifications>=2023.03.6 (from jsonschema>=3.0->altair<5)
  Downloading jsonschema_specifications-2023.12.1-py3-none-any.whl.metadata (3.0 kB)
Collecting referencing>=0.28.4 (from jsonschema>=3.0->altair<5)
  Downloading referencing-0.34.0-py3-none-any.whl.metadata (2.8 kB)
Collecting rpds-py>=0.7.1 (from jsonschema>=3.0->altair<5)
  Downloading rpds_py-0.18.0-cp311-cp311-manylinux_2_17_x86_64.manylinux2014_x86_64.whl.metadata (4.1 kB)
Collecting python-dateutil>=2.8.2 (from pandas>=0.18->altair<5)
  Downloading python_dateutil-2.9.0.post0-py2.py3-none-any.whl.metadata (8.4 kB)
Collecting pytz>=2020.1 (from pandas>=0.18->altair<5)
  Downloading pytz-2024.1-py2.py3-none-any.whl.metadata (22 kB)
Collecting tzdata>=2022.7 (from pandas>=0.18->altair<5)
  Downloading tzdata-2024.1-py2.py3-none-any.whl.metadata (1.4 kB)
Collecting MarkupSafe>=2.0 (from jinja2->altair<5)
  Downloading MarkupSafe-2.1.5-cp311-cp311-manylinux_2_17_x86_64.manylinux2014_x86_64.whl.metadata (3.0 kB)
Collecting six>=1.5 (from python-dateutil>=2.8.2->pandas>=0.18->altair<5)
  Downloading six-1.16.0-py2.py3-none-any.whl.metadata (1.8 kB)
Downloading altair-4.2.2-py3-none-any.whl (813 kB)
   â”â”â”â”â”â”â”â”â”â”â”â”â”â”â”â”â”â”â”â”â”â”â”â”â”â”â”â”â”â”â”â”â”â”â”â”â”â”â”â” 813.6/813.6 kB 39.7 MB/s eta 0:00:00[2024-04-10 15:01:44.330140] 
Downloading jsonschema-4.21.1-py3-none-any.whl (85 kB)
   â”â”â”â”â”â”â”â”â”â”â”â”â”â”â”â”â”â”â”â”â”â”â”â”â”â”â”â”â”â”â”â”â”â”â”â”â”â”â”â” 85.5/85.5 kB 155.0 MB/s eta 0:00:00[2024-04-10 15:01:44.343379] 
Downloading pandas-2.2.1-cp311-cp311-manylinux_2_17_x86_64.manylinux2014_x86_64.whl (13.0 MB)
   â”â”â”â”â”â”â”â”â”â”â”â”â”â”â”â”â”â”â”â”â”â”â”â”â”â”â”â”â”â”â”â”â”â”â”â”â”â”â”â” 13.0/13.0 MB 85.1 MB/s eta 0:00:00[2024-04-10 15:01:44.494236] 
Downloading numpy-1.26.4-cp311-cp311-manylinux_2_17_x86_64.manylinux2014_x86_64.whl (18.3 MB)
   â”â”â”â”â”â”â”â”â”â”â”â”â”â”â”â”â”â”â”â”â”â”â”â”â”â”â”â”â”â”â”â”â”â”â”â”â”â”â”â” 18.3/18.3 MB 188.3 MB/s eta 0:00:00[2024-04-10 15:01:44.607476] 
Downloading entrypoints-0.4-py3-none-any.whl (5.3 kB)
Downloading Jinja2-3.1.3-py3-none-any.whl (133 kB)
   â”â”â”â”â”â”â”â”â”â”â”â”â”â”â”â”â”â”â”â”â”â”â”â”â”â”â”â”â”â”â”â”â”â”â”â”â”â”â” 133.2/133.2 kB 170.9 MB/s eta 0:00:00[2024-04-10 15:01:44.631532] 
Downloading toolz-0.12.1-py3-none-any.whl (56 kB)
   â”â”â”â”â”â”â”â”â”â”â”â”â”â”â”â”â”â”â”â”â”â”â”â”â”â”â”â”â”â”â”â”â”â”â”â”â”â”â”â” 56.1/56.1 kB 178.2 MB/s eta 0:00:00[2024-04-10 15:01:44.644700] 
Downloading attrs-23.2.0-py3-none-any.whl (60 kB)
   â”â”â”â”â”â”â”â”â”â”â”â”â”â”â”â”â”â”â”â”â”â”â”â”â”â”â”â”â”â”â”â”â”â”â”â”â”â”â”â” 60.8/60.8 kB 136.9 MB/s eta 0:00:00[2024-04-10 15:01:44.658487] 
Downloading jsonschema_specifications-2023.12.1-py3-none-any.whl (18 kB)
Downloading MarkupSafe-2.1.5-cp311-cp311-manylinux_2_17_x86_64.manylinux2014_x86_64.whl (28 kB)
Downloading python_dateutil-2.9.0.post0-py2.py3-none-any.whl (229 kB)
   â”â”â”â”â”â”â”â”â”â”â”â”â”â”â”â”â”â”â”â”â”â”â”â”â”â”â”â”â”â”â”â”â”â”â”â”â”â”â” 229.9/229.9 kB 164.1 MB/s eta 0:00:00[2024-04-10 15:01:44.697497] 
Downloading pytz-2024.1-py2.py3-none-any.whl (505 kB)
   â”â”â”â”â”â”â”â”â”â”â”â”â”â”â”â”â”â”â”â”â”â”â”â”â”â”â”â”â”â”â”â”â”â”â”â”â”â”â” 505.5/505.5 kB 242.0 MB/s eta 0:00:00[2024-04-10 15:01:44.713233] 
Downloading referencing-0.34.0-py3-none-any.whl (26 kB)
Downloading rpds_py-0.18.0-cp311-cp311-manylinux_2_17_x86_64.manylinux2014_x86_64.whl (1.1 MB)
   â”â”â”â”â”â”â”â”â”â”â”â”â”â”â”â”â”â”â”â”â”â”â”â”â”â”â”â”â”â”â”â”â”â”â”â”â”â”â”â” 1.1/1.1 MB 180.0 MB/s eta 0:00:00[2024-04-10 15:01:44.745839] 
Downloading tzdata-2024.1-py2.py3-none-any.whl (345 kB)
   â”â”â”â”â”â”â”â”â”â”â”â”â”â”â”â”â”â”â”â”â”â”â”â”â”â”â”â”â”â”â”â”â”â”â”â”â”â”â” 345.4/345.4 kB 190.0 MB/s eta 0:00:00[2024-04-10 15:01:44.762047] 
Downloading six-1.16.0-py2.py3-none-any.whl (11 kB)
Installing collected packages: pytz, tzdata, toolz, six, rpds-py, numpy, MarkupSafe, entrypoints, attrs, referencing, python-dateutil, jinja2, pandas, jsonschema-specifications, jsonschema, altair
  Attempting uninstall: pytz
    Found existing installation: pytz 2024.1
    Uninstalling pytz-2024.1:
      Successfully uninstalled pytz-2024.1
  Attempting uninstall: tzdata
    Found existing installation: tzdata 2024.1
    Uninstalling tzdata-2024.1:
      Successfully uninstalled tzdata-2024.1
  Attempting uninstall: toolz
    Found existing installation: toolz 0.12.1
    Uninstalling toolz-0.12.1:
      Successfully uninstalled toolz-0.12.1
  Attempting uninstall: six
    Found existing installation: six 1.16.0
    Uninstalling six-1.16.0:
      Successfully uninstalled six-1.16.0
  Attempting uninstall: rpds-py
    Found existing installation: rpds-py 0.18.0
    Uninstalling rpds-py-0.18.0:
      Successfully uninstalled rpds-py-0.18.0
  Attempting uninstall: numpy
    Found existing installation: numpy 1.26.4
    Uninstalling numpy-1.26.4:
      Successfully uninstalled numpy-1.26.4
  Attempting uninstall: MarkupSafe
    Found existing installation: MarkupSafe 2.1.5
    Uninstalling MarkupSafe-2.1.5:
      Successfully uninstalled MarkupSafe-2.1.5
  Attempting uninstall: attrs
    Found existing installation: attrs 23.2.0
    Uninstalling attrs-23.2.0:
      Successfully uninstalled attrs-23.2.0
  Attempting uninstall: referencing
    Found existing installation: referencing 0.34.0
    Uninstalling referencing-0.34.0:
      Successfully uninstalled referencing-0.34.0
  Attempting uninstall: python-dateutil
    Found existing installation: python-dateutil 2.9.0.post0
    Uninstalling python-dateutil-2.9.0.post0:
      Successfully uninstalled python-dateutil-2.9.0.post0
  Attempting uninstall: jinja2
    Found existing installation: Jinja2 3.1.3
    Uninstalling Jinja2-3.1.3:
      Successfully uninstalled Jinja2-3.1.3
  Attempting uninstall: pandas
    Found existing installation: pandas 2.2.1
    Uninstalling pandas-2.2.1:
      Successfully uninstalled pandas-2.2.1
  Attempting uninstall: jsonschema-specifications
    Found existing installation: jsonschema-specifications 2023.12.1
    Uninstalling jsonschema-specifications-2023.12.1:
      Successfully uninstalled jsonschema-specifications-2023.12.1
  Attempting uninstall: jsonschema
    Found existing installation: jsonschema 4.21.1
    Uninstalling jsonschema-4.21.1:
      Successfully uninstalled jsonschema-4.21.1
  Attempting uninstall: altair
    Found existing installation: altair 5.3.0
    Uninstalling altair-5.3.0:
      Successfully uninstalled altair-5.3.0
ERROR: pip's dependency resolver does not currently take into account all the packages that are installed. This behaviour is the source of the following dependency conflicts.
streamlit 0.85.0 requires click<8.0,>=7.0, but you have click 8.0.0 which is incompatible.
Successfully installed MarkupSafe-2.1.5 altair-4.2.2 attrs-23.2.0 entrypoints-0.4 jinja2-3.1.3 jsonschema-4.21.1 jsonschema-specifications-2023.12.1 numpy-1.26.4 pandas-2.2.1 python-dateutil-2.9.0.post0 pytz-2024.1 referencing-0.34.0 rpds-py-0.18.0 six-1.16.0 toolz-0.12.1 tzdata-2024.1

â”€â”€â”€â”€â”€â”€â”€â”€â”€â”€â”€â”€â”€â”€â”€â”€â”€â”€â”€â”€â”€â”€â”€â”€â”€â”€â”€â”€â”€â”€â”€â”€â”€â”€â”€â”€â”€â”€â”€â”€â”€â”€â”€â”€â”€â”€â”€â”€â”€â”€â”€â”€â”€â”€â”€â”€â”€â”€â”€â”€â”€â”€â”€â”€â”€â”€â”€â”€â”€â”€â”€â”€â”€â”€â”€â”€â”€â”€â”€â”€â”€â”€â”€â”€â”€â”€â”€â”€

[15:01:54] ğŸ Python dependencies were installed from /mount/src/emailgenerator/requirements.txt using pip.
Check if streamlit is installed
Streamlit is already installed
[15:01:56] ğŸ“¦ Processed dependencies!
Traceback (most recent call last):
  File "/home/adminuser/venv/bin/streamlit", line 5, in <module>
    from streamlit.cli import main
  File "/home/adminuser/venv/lib/python3.11/site-packages/streamlit/__init__.py", line 76, in <module>
    from streamlit.delta_generator import DeltaGenerator as _DeltaGenerator
  File "/home/adminuser/venv/lib/python3.11/site-packages/streamlit/delta_generator.py", line 69, in <module>
    from streamlit.elements.arrow import ArrowMixin
  File "/home/adminuser/venv/lib/python3.11/site-packages/streamlit/elements/arrow.py", line 15, in <module>
    from collections import Iterable
ImportError: cannot import name 'Iterable' from 'collections' (/usr/local/lib/python3.11/collections/__init__.py)
[15:01:57] â—ï¸ error restarting streamlit: exit status 7: output: streamlit: ERROR (not running)
streamlit: ERROR (spawn error)

[15:01:57] â—ï¸ Error during processing dependencies! Please fix the error and push an update, or try restarting the app.
Traceback (most recent call last):
  File "/home/adminuser/venv/bin/streamlit", line 5, in <module>
    from streamlit.cli import main
  File "/home/adminuser/venv/lib/python3.11/site-packages/streamlit/__init__.py", line 76, in <module>
    from streamlit.delta_generator import DeltaGenerator as _DeltaGenerator
  File "/home/adminuser/venv/lib/python3.11/site-packages/streamlit/delta_generator.py", line 69, in <module>
    from streamlit.elements.arrow import ArrowMixin
  File "/home/adminuser/venv/lib/python3.11/site-packages/streamlit/elements/arrow.py", line 15, in <module>
    from collections import Iterable
ImportError: cannot import name 'Iterable' from 'collections' (/usr/local/lib/python3.11/collections/__init__.py)
Traceback (most recent call last):
  File "/home/adminuser/venv/bin/streamlit", line 5, in <module>
    from streamlit.cli import main
  File "/home/adminuser/venv/lib/python3.11/site-packages/streamlit/__init__.py", line 76, in <module>
    from streamlit.delta_generator import DeltaGenerator as _DeltaGenerator
  File "/home/adminuser/venv/lib/python3.11/site-packages/streamlit/delta_generator.py", line 69, in <module>
    from streamlit.elements.arrow import ArrowMixin
  File "/home/adminuser/venv/lib/python3.11/site-packages/streamlit/elements/arrow.py", line 15, in <module>
    from collections import Iterable
ImportError: cannot import name 'Iterable' from 'collections' (/usr/local/lib/python3.11/collections/__init__.py)
Traceback (most recent call last):
  File "/home/adminuser/venv/bin/streamlit", line 5, in <module>
    from streamlit.cli import main
  File "/home/adminuser/venv/lib/python3.11/site-packages/streamlit/__init__.py", line 76, in <module>
    from streamlit.delta_generator import DeltaGenerator as _DeltaGenerator
  File "/home/adminuser/venv/lib/python3.11/site-packages/streamlit/delta_generator.py", line 69, in <module>
    from streamlit.elements.arrow import ArrowMixin
  File "/home/adminuser/venv/lib/python3.11/site-packages/streamlit/elements/arrow.py", line 15, in <module>
    from collections import Iterable
ImportError: cannot import name 'Iterable' from 'collections' (/usr/local/lib/python3.11/collections/__init__.py)
[15:03:28] â—ï¸ Streamlit server consistently failed status checks
[15:03:28] â—ï¸ Please fix the errors, push an update to the git repo, or reboot the app.